TN:
SF:/Users/dirtymic/guardian/peapods/peapods-fuzzing/contracts/AutoCompoundingPodLp.sol
DA:1,0
DA:17,0
DA:31,0
DA:32,0
DA:33,0
DA:34,0
DA:39,0
DA:40,0
DA:41,0
DA:42,0
DA:43,0
DA:45,0
DA:54,0
DA:62,0
DA:63,0
DA:64,0
DA:65,0
DA:66,0
DA:67,0
DA:70,0
DA:71,0
DA:74,0
DA:75,0
DA:78,0
DA:80,0
DA:81,0
DA:84,0
DA:86,0
DA:87,0
DA:90,0
DA:92,0
DA:93,0
DA:102,0
DA:105,0
DA:106,0
DA:109,0
DA:112,0
DA:113,0
DA:115,0
DA:117,0
DA:118,0
DA:119,0
DA:120,0
DA:121,0
DA:134,0
DA:137,0
DA:138,0
DA:139,0
DA:142,0
DA:144,0
DA:145,0
DA:148,0
DA:150,0
DA:151,0
DA:154,0
DA:158,0
DA:159,0
DA:160,0
DA:163,0
DA:165,0
DA:166,0
DA:169,0
DA:171,0
DA:172,0
DA:175,0
DA:179,0
DA:180,0
DA:183,0
DA:186,0
DA:187,0
DA:190,0
DA:193,0
DA:194,0
DA:196,0
DA:198,0
DA:199,0
DA:200,0
DA:201,0
DA:202,0
DA:206,0
DA:207,0
DA:208,0
DA:211,0
DA:212,0
DA:219,0
DA:222,0
DA:223,0
DA:224,0
DA:226,0
DA:227,0
DA:228,0
DA:229,0
DA:230,0
DA:231,0
DA:232,0
DA:234,0
DA:235,0
DA:236,0
DA:240,0
DA:245,0
DA:246,0
DA:247,0
DA:248,0
DA:249,0
DA:250,0
DA:252,0
DA:255,0
DA:259,0
DA:260,0
DA:261,0
DA:262,0
DA:265,0
DA:266,0
DA:267,0
DA:269,0
DA:272,0
DA:273,0
DA:274,0
DA:275,0
DA:276,0
DA:277,0
DA:279,0
DA:282,0
DA:283,0
DA:284,0
DA:285,0
DA:286,0
DA:287,0
DA:288,0
DA:290,0
DA:291,0
DA:292,0
DA:294,0
DA:295,0
DA:301,0
DA:304,0
DA:305,0
DA:307,0
DA:308,0
DA:309,0
DA:310,0
DA:311,0
DA:312,0
DA:314,0
DA:318,0
DA:322,0
DA:323,0
DA:324,0
DA:325,0
DA:326,0
DA:328,0
DA:331,0
DA:333,0
DA:334,0
DA:335,0
DA:336,0
DA:337,0
DA:338,0
DA:348,0
DA:353,0
DA:354,0
DA:355,0
DA:356,0
DA:357,0
DA:358,0
DA:359,0
DA:361,0
DA:362,0
DA:363,0
DA:364,0
DA:365,0
DA:366,0
DA:367,0
DA:368,0
DA:369,0
DA:370,0
DA:371,0
DA:373,0
DA:376,0
DA:380,0
DA:381,0
DA:382,0
DA:383,0
DA:384,0
DA:385,0
DA:386,0
DA:389,0
DA:391,0
DA:394,0
DA:399,0
DA:402,0
DA:403,0
DA:404,0
DA:407,0
DA:408,0
DA:411,0
DA:412,0
DA:415,0
DA:416,0
DA:417,0
DA:420,0
DA:421,0
DA:422,0
end_of_record

SF:/Users/dirtymic/guardian/peapods/peapods-fuzzing/contracts/AutoCompoundingPodLpFactory.sol
DA:9,0
DA:12,0
DA:16,0
DA:25,0
DA:26,0
DA:27,0
DA:28,0
DA:29,0
DA:30,0
DA:31,0
DA:32,0
DA:33,0
DA:34,0
DA:36,0
DA:38,0
DA:39,0
DA:41,0
DA:42,0
DA:45,0
DA:46,0
DA:47,0
DA:49,0
DA:50,0
DA:52,0
DA:53,0
DA:54,0
DA:55,0
DA:59,0
DA:68,0
DA:69,0
DA:70,0
DA:71,0
DA:72,0
DA:73,0
DA:74,0
DA:75,0
DA:76,0
DA:78,0
DA:81,0
DA:89,0
DA:90,0
DA:91,0
DA:92,0
DA:93,0
DA:94,0
DA:95,0
DA:96,0
DA:97,0
DA:98,0
DA:99,0
DA:100,0
DA:101,0
DA:106,0
DA:109,0
DA:110,0
DA:111,0
DA:113,0
DA:114,0
DA:115,0
DA:121,0
DA:122,0
DA:125,0
DA:128,0
DA:130,0
DA:131,0
DA:132,0
DA:133,0
DA:134,0
DA:136,0
DA:137,0
DA:142,0
DA:143,0
end_of_record

SF:/Users/dirtymic/guardian/peapods/peapods-fuzzing/contracts/DecentralizedIndex.sol
DA:23,2
DA:24,0
DA:25,0
DA:27,0
DA:29,0
DA:31,0
DA:33,0
DA:34,0
DA:35,0
DA:41,0
DA:42,0
DA:43,0
DA:44,0
DA:45,0
DA:47,0
DA:48,0
DA:49,0
DA:58,0
DA:69,19
DA:70,8
DA:72,7
DA:76,0
DA:81,6
DA:83,7
DA:91,0
DA:101,0
DA:102,0
DA:103,0
DA:104,0
DA:105,0
DA:106,0
DA:107,0
DA:110,0
DA:111,0
DA:112,0
DA:113,0
DA:114,0
DA:115,0
DA:116,0
DA:117,0
DA:118,0
DA:119,0
DA:121,0
DA:122,0
DA:123,0
DA:125,0
DA:127,0
DA:128,0
DA:129,0
DA:130,0
DA:131,0
DA:132,0
DA:133,0
DA:136,0
DA:140,0
DA:141,0
DA:142,0
DA:144,0
DA:145,0
DA:148,1
DA:149,1
DA:153,0
DA:154,0
DA:155,0
DA:156,0
DA:157,0
DA:158,0
DA:160,0
DA:161,0
DA:162,0
DA:163,0
DA:170,0
DA:174,0
DA:175,0
DA:176,0
DA:177,0
DA:179,0
DA:180,0
DA:181,0
DA:183,0
DA:184,0
DA:185,0
DA:187,0
DA:188,0
DA:189,0
DA:191,0
DA:192,0
DA:193,0
DA:194,0
DA:197,0
DA:198,0
DA:202,0
DA:203,0
DA:204,0
DA:205,0
DA:207,0
DA:208,0
DA:209,0
DA:211,0
DA:212,0
DA:213,0
DA:214,0
DA:215,0
DA:216,0
DA:217,0
DA:218,0
DA:219,0
DA:220,0
DA:221,0
DA:222,0
DA:224,0
DA:225,0
DA:227,0
DA:228,0
DA:235,5
DA:236,14
DA:239,1
DA:244,0
DA:245,0
DA:246,0
DA:247,0
DA:248,0
DA:249,0
DA:250,0
DA:256,0
DA:257,0
DA:258,0
DA:259,0
DA:260,0
DA:261,0
DA:265,0
DA:266,0
DA:276,1
DA:281,60
DA:282,9
DA:283,67
DA:287,1
DA:288,9
DA:289,18
DA:290,0
DA:297,2
DA:298,0
DA:299,7
DA:300,17
DA:301,0
DA:302,0
DA:307,4
DA:308,4
DA:314,0
DA:315,0
DA:319,0
DA:320,0
DA:321,0
DA:324,0
DA:327,0
DA:328,0
DA:331,0
DA:332,0
DA:335,0
DA:336,0
DA:339,0
DA:340,0
DA:343,22
DA:347,1
DA:349,116
DA:354,0
DA:355,0
DA:364,0
DA:369,0
DA:370,0
DA:371,0
DA:373,0
DA:374,0
DA:376,0
DA:377,0
DA:378,0
DA:379,0
DA:380,0
DA:382,0
DA:383,0
DA:385,0
DA:386,0
DA:387,0
DA:390,0
DA:391,0
DA:393,0
DA:394,0
DA:395,0
DA:396,0
DA:397,0
DA:398,0
DA:399,0
DA:403,0
DA:406,0
DA:407,0
DA:408,0
DA:410,0
DA:413,0
DA:414,0
DA:416,0
DA:419,0
DA:420,0
DA:421,0
DA:423,0
DA:431,0
DA:437,0
DA:438,0
DA:439,0
DA:440,0
DA:442,0
DA:443,0
DA:444,0
DA:445,0
DA:446,0
DA:453,0
DA:461,0
DA:467,0
DA:468,0
DA:469,0
DA:470,0
DA:471,0
DA:472,0
DA:473,0
DA:474,0
DA:477,0
DA:479,0
DA:480,0
DA:481,0
DA:483,0
DA:484,0
DA:485,0
DA:486,0
DA:487,0
DA:490,0
DA:491,0
DA:492,0
DA:495,0
DA:496,0
DA:497,0
DA:498,0
DA:501,0
DA:503,0
DA:504,0
DA:505,0
DA:506,0
DA:510,2
DA:511,0
DA:512,0
DA:513,0
DA:515,0
end_of_record

SF:/Users/dirtymic/guardian/peapods/peapods-fuzzing/contracts/IndexUtils.sol
DA:20,0
DA:23,0
DA:26,0
DA:28,0
DA:33,0
DA:34,0
DA:36,0
DA:38,0
DA:39,0
DA:41,0
DA:42,0
DA:43,0
DA:44,0
DA:45,0
DA:46,0
DA:47,0
DA:48,0
DA:49,0
DA:51,0
DA:52,0
DA:54,0
DA:55,0
DA:56,0
DA:59,0
DA:60,0
DA:61,0
DA:62,0
DA:67,0
DA:68,0
DA:72,0
DA:81,0
DA:82,0
DA:83,0
DA:84,0
DA:86,0
DA:87,0
DA:88,0
DA:89,0
DA:90,0
DA:91,0
DA:92,0
DA:93,0
DA:94,0
DA:99,0
DA:100,0
DA:101,0
DA:103,0
DA:104,0
DA:105,0
DA:108,0
DA:109,0
DA:110,0
DA:111,0
DA:112,0
DA:113,0
DA:116,0
DA:117,0
DA:119,0
DA:120,0
DA:121,0
DA:122,0
DA:123,0
DA:124,0
DA:129,0
DA:130,0
DA:132,0
DA:133,0
DA:138,0
DA:139,0
DA:140,0
DA:142,0
DA:146,0
DA:154,0
DA:155,0
DA:156,0
DA:157,0
DA:158,0
DA:159,0
DA:161,0
DA:162,0
DA:164,0
DA:165,0
DA:167,0
DA:168,0
DA:169,0
DA:171,0
DA:173,0
DA:174,0
DA:177,0
DA:178,0
DA:179,0
DA:180,0
DA:181,0
DA:182,0
DA:186,0
DA:187,0
DA:188,0
DA:190,0
DA:191,0
DA:192,0
DA:197,0
DA:198,0
DA:199,0
DA:205,0
DA:206,0
DA:207,0
DA:209,0
DA:211,0
DA:212,0
DA:215,0
DA:221,0
DA:222,0
DA:223,0
DA:224,0
DA:225,0
DA:226,0
DA:228,0
DA:230,0
DA:231,0
DA:233,0
DA:234,0
DA:235,0
DA:236,0
DA:237,0
DA:238,0
DA:239,0
DA:241,0
DA:242,0
DA:244,0
DA:245,0
DA:246,0
DA:249,0
DA:250,0
DA:252,0
DA:254,0
DA:259,0
DA:260,0
DA:261,0
DA:262,0
DA:266,0
DA:272,0
DA:273,0
DA:274,0
DA:275,0
DA:278,0
DA:280,0
DA:281,0
DA:282,0
DA:283,0
DA:284,0
DA:285,0
DA:286,0
DA:287,0
DA:288,0
DA:289,0
DA:290,0
DA:293,0
DA:296,0
DA:306,0
DA:307,0
DA:308,0
DA:310,0
DA:311,0
DA:312,0
DA:313,0
DA:315,0
DA:316,0
DA:317,0
DA:318,0
DA:319,0
DA:320,0
DA:321,0
DA:326,0
DA:328,0
DA:329,0
DA:330,0
DA:331,0
DA:332,0
DA:333,0
DA:336,0
DA:343,0
DA:344,0
DA:345,0
DA:349,0
DA:350,0
DA:352,0
DA:353,0
DA:354,0
DA:355,0
DA:357,0
DA:358,0
DA:365,0
DA:371,0
DA:372,0
DA:373,0
DA:375,0
DA:376,0
DA:377,0
DA:378,0
DA:379,0
DA:380,0
DA:381,0
DA:383,0
DA:386,0
DA:395,0
DA:396,0
DA:397,0
DA:398,0
DA:399,0
DA:400,0
DA:402,0
DA:404,0
DA:406,0
DA:410,0
DA:411,0
DA:412,0
DA:413,0
DA:415,0
DA:416,0
DA:417,0
DA:421,0
DA:422,0
DA:423,0
DA:425,0
DA:426,0
DA:427,0
DA:431,0
DA:432,0
DA:433,0
DA:434,0
DA:437,0
DA:438,0
DA:440,0
DA:441,0
DA:442,0
DA:447,0
DA:452,0
DA:453,0
DA:454,0
end_of_record

SF:/Users/dirtymic/guardian/peapods/peapods-fuzzing/contracts/LendingAssetVault.sol
DA:15,0
DA:24,0
DA:25,0
DA:30,0
DA:32,0
DA:33,0
DA:34,0
DA:35,0
DA:44,0
DA:48,0
DA:52,0
DA:53,0
DA:56,0
DA:57,0
DA:60,0
DA:61,0
DA:64,0
DA:65,0
DA:68,0
DA:70,0
DA:71,0
DA:74,0
DA:76,0
DA:77,0
DA:80,0
DA:82,0
DA:83,0
DA:92,0
DA:95,0
DA:96,0
DA:99,0
DA:102,0
DA:103,0
DA:104,0
DA:105,0
DA:106,0
DA:107,0
DA:108,0
DA:109,0
DA:122,0
DA:125,0
DA:126,0
DA:127,0
DA:130,0
DA:132,0
DA:133,0
DA:136,0
DA:138,0
DA:139,0
DA:142,0
DA:146,0
DA:147,0
DA:148,0
DA:151,0
DA:153,0
DA:154,0
DA:157,0
DA:159,0
DA:160,0
DA:163,0
DA:167,0
DA:168,0
DA:171,0
DA:172,0
DA:173,0
DA:174,0
DA:179,0
DA:183,0
DA:189,0
DA:190,0
DA:191,0
DA:192,0
DA:195,0
DA:196,0
DA:197,0
DA:198,0
DA:204,0
DA:206,0
DA:207,0
DA:208,0
DA:209,0
DA:210,0
DA:218,0
DA:219,0
DA:220,0
DA:221,0
DA:222,0
DA:224,0
DA:225,0
DA:226,0
DA:228,0
DA:229,0
DA:230,0
DA:231,0
DA:233,0
DA:234,0
DA:236,0
DA:237,0
DA:238,0
DA:240,0
DA:241,0
DA:242,0
DA:243,0
DA:246,0
DA:249,0
DA:250,0
DA:251,0
DA:252,0
DA:253,0
DA:254,0
DA:255,0
DA:256,0
DA:260,0
DA:261,0
DA:262,0
DA:269,0
DA:270,0
DA:273,0
DA:274,0
DA:278,0
DA:279,0
DA:280,0
DA:283,0
DA:284,0
DA:285,0
DA:288,0
DA:289,0
DA:290,0
DA:291,0
DA:292,0
DA:293,0
DA:294,0
DA:296,0
DA:297,0
DA:298,0
DA:299,0
DA:300,0
DA:302,0
DA:308,0
DA:312,0
DA:313,0
DA:314,0
end_of_record

SF:/Users/dirtymic/guardian/peapods/peapods-fuzzing/contracts/PEAS.sol
DA:9,55
DA:10,0
DA:13,0
DA:14,0
DA:17,0
DA:18,0
DA:19,0
end_of_record

SF:/Users/dirtymic/guardian/peapods/peapods-fuzzing/contracts/RewardsWhitelist.sol
DA:7,0
DA:8,0
DA:9,0
DA:14,0
DA:18,0
DA:20,0
DA:23,0
DA:27,0
DA:28,0
DA:29,0
DA:30,0
DA:31,0
DA:33,0
DA:34,0
DA:35,0
DA:36,0
DA:38,0
end_of_record

SF:/Users/dirtymic/guardian/peapods/peapods-fuzzing/contracts/StakingPoolToken.sol
DA:13,0
DA:16,0
DA:17,0
DA:19,0
DA:20,0
DA:26,0
DA:32,0
DA:42,0
DA:43,0
DA:44,0
DA:45,0
DA:46,0
DA:47,0
DA:49,0
DA:50,0
DA:51,0
DA:52,0
DA:53,0
DA:54,0
DA:55,0
DA:56,0
DA:57,0
DA:58,0
DA:59,0
DA:62,0
DA:66,0
DA:67,0
DA:71,0
DA:72,0
DA:75,0
DA:76,0
DA:77,0
DA:78,0
DA:80,0
DA:81,0
DA:82,0
DA:85,0
DA:86,0
DA:87,0
DA:88,0
DA:91,0
DA:94,0
DA:95,0
DA:96,0
DA:102,0
DA:103,0
DA:104,0
DA:107,0
DA:108,0
DA:109,0
DA:110,0
DA:111,0
DA:113,0
DA:118,0
DA:119,0
DA:120,0
DA:123,0
DA:124,0
DA:127,0
DA:128,0
DA:131,0
DA:136,0
DA:137,0
DA:139,0
DA:140,0
end_of_record

SF:/Users/dirtymic/guardian/peapods/peapods-fuzzing/contracts/TokenRewards.sol
DA:18,0
DA:21,0
DA:22,0
DA:23,0
DA:24,0
DA:37,0
DA:38,0
DA:39,0
DA:40,0
DA:41,0
DA:43,0
DA:49,0
DA:51,0
DA:58,0
DA:68,0
DA:69,0
DA:70,0
DA:71,0
DA:72,0
DA:73,0
DA:74,0
DA:75,0
DA:76,0
DA:79,0
DA:84,0
DA:85,0
DA:88,0
DA:93,0
DA:94,0
DA:95,0
DA:96,0
DA:98,0
DA:99,0
DA:103,0
DA:104,0
DA:105,0
DA:107,0
DA:108,0
DA:109,0
DA:110,0
DA:111,0
DA:113,0
DA:116,0
DA:117,0
DA:118,0
DA:119,0
DA:120,0
DA:121,0
DA:122,0
DA:124,0
DA:127,0
DA:128,0
DA:131,0
DA:133,0
DA:134,0
DA:135,0
DA:136,0
DA:138,0
DA:139,0
DA:142,0
DA:143,0
DA:144,0
DA:145,0
DA:146,0
DA:147,0
DA:148,0
DA:149,0
DA:150,0
DA:153,0
DA:155,0
DA:157,0
DA:159,0
DA:162,0
DA:163,0
DA:164,0
DA:165,0
DA:168,0
DA:169,0
DA:172,0
DA:176,0
DA:177,0
DA:180,0
DA:185,0
DA:186,0
DA:187,0
DA:188,0
DA:189,0
DA:190,0
DA:191,0
DA:192,0
DA:194,0
DA:195,0
DA:196,0
DA:197,0
DA:198,0
DA:200,0
DA:202,0
DA:205,0
DA:206,0
DA:207,0
DA:208,0
DA:210,0
DA:213,0
DA:214,0
DA:215,0
DA:219,0
DA:220,0
DA:221,0
DA:222,0
DA:223,0
DA:224,0
DA:225,0
DA:226,0
DA:227,0
DA:231,0
DA:232,0
DA:233,0
DA:236,0
DA:237,0
DA:240,0
DA:241,0
DA:242,0
DA:243,0
DA:244,0
DA:245,0
DA:246,0
DA:248,0
DA:249,0
DA:250,0
DA:251,0
DA:256,0
DA:257,0
DA:258,0
DA:259,0
DA:261,0
DA:266,0
DA:267,0
DA:268,0
DA:272,0
DA:273,0
DA:276,0
DA:278,0
DA:279,0
DA:280,0
DA:281,0
DA:283,0
DA:284,0
DA:287,0
DA:290,0
DA:291,0
DA:292,0
DA:293,0
DA:294,0
DA:295,0
DA:299,0
DA:304,0
DA:305,0
DA:306,0
DA:307,0
DA:308,0
DA:309,0
DA:310,0
DA:312,0
DA:313,0
DA:314,0
DA:315,0
DA:317,0
DA:318,0
DA:319,0
DA:322,0
DA:323,0
DA:324,0
DA:325,0
DA:326,0
DA:329,0
DA:330,0
DA:331,0
DA:334,0
DA:335,0
DA:336,0
DA:337,0
DA:339,0
DA:343,0
DA:344,0
DA:345,0
DA:348,0
DA:351,0
DA:352,0
DA:353,0
DA:355,0
DA:356,0
DA:357,0
DA:358,0
DA:360,0
DA:363,0
DA:366,0
DA:367,0
end_of_record

SF:/Users/dirtymic/guardian/peapods/peapods-fuzzing/contracts/WeightedIndex.sol
DA:11,70
DA:16,0
DA:29,0
DA:30,0
DA:31,0
DA:32,0
DA:33,0
DA:34,0
DA:35,0
DA:36,0
DA:37,0
DA:39,0
DA:40,0
DA:41,0
DA:42,0
DA:43,0
DA:44,0
DA:45,0
DA:46,0
DA:47,0
DA:48,0
DA:49,0
DA:54,0
DA:55,0
DA:56,0
DA:58,0
DA:59,0
DA:60,0
DA:61,0
DA:63,0
DA:68,0
DA:69,0
DA:70,0
DA:71,0
DA:72,0
DA:78,0
DA:79,0
DA:80,0
DA:82,0
DA:83,0
DA:84,0
DA:85,0
DA:87,0
DA:88,0
DA:89,0
DA:90,0
DA:92,0
DA:93,0
DA:95,0
DA:101,0
DA:103,0
DA:104,0
DA:105,0
DA:107,0
DA:108,0
DA:109,0
DA:110,0
DA:111,0
DA:112,0
DA:113,0
DA:114,0
DA:115,0
DA:117,0
DA:118,0
DA:120,0
DA:127,18
DA:132,16
DA:133,20
DA:134,56
DA:135,7
DA:136,9
DA:138,12
DA:139,1
DA:140,6
DA:141,0
DA:142,0
DA:143,0
DA:145,2
DA:146,15
DA:149,12
DA:150,0
DA:151,19
DA:152,11
DA:153,10
DA:154,4
DA:155,6
DA:156,5
DA:158,3
DA:159,20
DA:160,8
DA:161,1
DA:162,93
DA:163,1
DA:164,4
DA:165,24
DA:167,1
DA:170,4
DA:171,15
DA:176,0
DA:181,0
DA:182,0
DA:183,0
DA:184,0
DA:185,0
DA:186,0
DA:187,0
DA:188,0
DA:189,0
DA:190,0
DA:191,0
DA:192,0
DA:194,0
DA:196,0
DA:197,0
DA:202,0
DA:203,0
DA:212,0
DA:216,0
DA:217,0
DA:218,0
DA:219,0
DA:220,0
DA:221,0
DA:222,0
DA:223,0
DA:224,0
DA:231,0
DA:233,0
DA:234,0
DA:240,0
DA:244,0
DA:247,0
DA:248,0
DA:249,0
DA:250,0
DA:251,0
DA:252,0
DA:253,0
DA:254,0
DA:255,0
DA:256,0
DA:258,0
end_of_record

SF:/Users/dirtymic/guardian/peapods/peapods-fuzzing/contracts/Zapper.sol
DA:20,0
DA:23,0
DA:24,0
DA:25,0
DA:26,0
DA:32,0
DA:34,0
DA:35,0
DA:38,0
DA:40,0
DA:44,0
DA:45,0
DA:46,0
DA:47,0
DA:48,0
DA:50,0
DA:52,0
DA:54,0
DA:55,0
DA:56,0
DA:59,0
DA:60,0
DA:61,0
DA:64,0
DA:65,0
DA:66,0
DA:69,0
DA:70,0
DA:71,0
DA:74,0
DA:75,0
DA:76,0
DA:81,0
DA:86,0
DA:87,0
DA:88,0
DA:89,0
DA:90,0
DA:91,0
DA:95,0
DA:96,0
DA:97,0
DA:98,0
DA:101,0
DA:102,0
DA:103,0
DA:104,0
DA:105,0
DA:106,0
DA:108,0
DA:110,0
DA:111,0
DA:112,0
DA:113,0
DA:114,0
DA:115,0
DA:116,0
DA:117,0
DA:119,0
DA:120,0
DA:121,0
DA:122,0
DA:123,0
DA:124,0
DA:126,0
DA:128,0
DA:129,0
DA:130,0
DA:131,0
DA:132,0
DA:133,0
DA:134,0
DA:135,0
DA:137,0
DA:140,0
DA:141,0
DA:142,0
DA:143,0
DA:144,0
DA:145,0
DA:146,0
DA:147,0
DA:148,0
DA:149,0
DA:152,0
DA:153,0
DA:154,0
DA:155,0
DA:156,0
DA:157,0
DA:162,0
DA:163,0
DA:165,0
DA:166,0
DA:167,0
DA:168,0
DA:171,0
DA:172,0
DA:175,0
DA:176,0
DA:177,0
DA:178,0
DA:181,0
DA:187,0
DA:188,0
DA:189,0
DA:190,0
DA:193,0
DA:195,0
DA:197,0
DA:198,0
DA:199,0
DA:201,0
DA:202,0
DA:203,0
DA:206,0
DA:207,0
DA:208,0
DA:209,0
DA:210,0
DA:211,0
DA:212,0
DA:213,0
DA:214,0
DA:216,0
DA:219,0
DA:227,0
DA:228,0
DA:229,0
DA:230,0
DA:231,0
DA:232,0
DA:234,0
DA:235,0
DA:240,0
DA:243,0
DA:247,0
DA:248,0
DA:249,0
DA:250,0
DA:251,0
DA:252,0
DA:253,0
DA:256,0
DA:258,0
DA:261,0
DA:267,0
DA:268,0
DA:269,0
DA:270,0
DA:273,0
DA:278,0
DA:282,0
DA:286,0
DA:287,0
DA:289,0
DA:290,0
DA:291,0
DA:292,0
DA:294,0
DA:295,0
DA:296,0
DA:301,0
DA:305,0
DA:306,0
DA:307,0
DA:308,0
DA:310,0
DA:312,0
DA:316,0
DA:319,0
DA:320,0
DA:322,0
DA:323,0
DA:324,0
DA:325,0
DA:326,0
DA:328,0
DA:329,0
DA:331,0
DA:332,0
DA:336,0
DA:337,0
DA:340,0
DA:341,0
DA:342,0
DA:345,0
DA:346,0
DA:347,0
DA:350,0
DA:355,0
DA:358,0
DA:362,0
DA:365,0
DA:366,0
DA:367,0
DA:370,0
DA:371,0
DA:372,0
end_of_record

SF:/Users/dirtymic/guardian/peapods/peapods-fuzzing/contracts/dex/UniswapDexAdapter.sol
DA:14,0
DA:17,0
DA:18,0
DA:19,0
DA:20,0
DA:22,0
DA:28,0
DA:29,0
DA:30,0
DA:31,0
DA:34,0
DA:35,0
DA:38,0
DA:42,0
DA:44,0
DA:47,0
DA:51,0
DA:52,0
DA:53,0
DA:54,0
DA:61,0
DA:64,0
DA:65,0
DA:66,0
DA:72,0
DA:75,0
DA:77,0
DA:83,0
DA:89,0
DA:90,0
DA:91,0
DA:92,0
DA:94,0
DA:96,0
DA:97,0
DA:98,0
DA:99,0
DA:100,0
DA:102,0
DA:103,0
DA:104,0
DA:105,0
DA:106,0
DA:108,0
DA:111,0
DA:117,0
DA:118,0
DA:119,0
DA:120,0
DA:122,0
DA:123,0
DA:128,0
DA:129,0
DA:130,0
DA:131,0
DA:132,0
DA:133,0
DA:134,0
DA:135,0
DA:136,0
DA:137,0
DA:139,0
DA:140,0
DA:141,0
DA:142,0
DA:144,0
DA:147,0
DA:154,0
DA:155,0
DA:156,0
DA:157,0
DA:159,0
DA:161,0
DA:162,0
DA:163,0
DA:173,0
DA:176,0
DA:185,0
DA:186,0
DA:187,0
DA:188,0
DA:190,0
DA:191,0
DA:193,0
DA:195,0
DA:196,0
DA:198,0
DA:199,0
DA:200,0
DA:210,0
DA:211,0
DA:212,0
DA:213,0
DA:216,0
DA:217,0
DA:218,0
DA:219,0
DA:224,0
DA:232,0
DA:233,0
DA:235,0
DA:236,0
DA:237,0
DA:238,0
DA:247,0
DA:248,0
DA:249,0
DA:250,0
DA:255,0
DA:262,0
end_of_record

SF:/Users/dirtymic/guardian/peapods/peapods-fuzzing/contracts/interfaces/ICurvePool.sol
end_of_record

SF:/Users/dirtymic/guardian/peapods/peapods-fuzzing/contracts/interfaces/IDecentralizedIndex.sol
end_of_record

SF:/Users/dirtymic/guardian/peapods/peapods-fuzzing/contracts/interfaces/IDexAdapter.sol
end_of_record

SF:/Users/dirtymic/guardian/peapods/peapods-fuzzing/contracts/interfaces/IERC20Metadata.sol
end_of_record

SF:/Users/dirtymic/guardian/peapods/peapods-fuzzing/contracts/interfaces/IFlashLoanRecipient.sol
end_of_record

SF:/Users/dirtymic/guardian/peapods/peapods-fuzzing/contracts/interfaces/IFlashLoanSource.sol
end_of_record

SF:/Users/dirtymic/guardian/peapods/peapods-fuzzing/contracts/interfaces/IFraxlendPair.sol
end_of_record

SF:/Users/dirtymic/guardian/peapods/peapods-fuzzing/contracts/interfaces/IIndexUtils.sol
end_of_record

SF:/Users/dirtymic/guardian/peapods/peapods-fuzzing/contracts/interfaces/IIndexUtils_LEGACY.sol
end_of_record

SF:/Users/dirtymic/guardian/peapods/peapods-fuzzing/contracts/interfaces/ILendingAssetVault.sol
end_of_record

SF:/Users/dirtymic/guardian/peapods/peapods-fuzzing/contracts/interfaces/ILeverageManager.sol
end_of_record

SF:/Users/dirtymic/guardian/peapods/peapods-fuzzing/contracts/interfaces/IMinimalOracle.sol
end_of_record

SF:/Users/dirtymic/guardian/peapods/peapods-fuzzing/contracts/interfaces/IMinimalSinglePriceOracle.sol
end_of_record

SF:/Users/dirtymic/guardian/peapods/peapods-fuzzing/contracts/interfaces/IPEAS.sol
end_of_record

SF:/Users/dirtymic/guardian/peapods/peapods-fuzzing/contracts/interfaces/IProtocolFeeRouter.sol
end_of_record

SF:/Users/dirtymic/guardian/peapods/peapods-fuzzing/contracts/interfaces/IProtocolFees.sol
end_of_record

SF:/Users/dirtymic/guardian/peapods/peapods-fuzzing/contracts/interfaces/IRewardsWhitelister.sol
end_of_record

SF:/Users/dirtymic/guardian/peapods/peapods-fuzzing/contracts/interfaces/IStakingPoolToken.sol
end_of_record

SF:/Users/dirtymic/guardian/peapods/peapods-fuzzing/contracts/interfaces/ISwapRouter02.sol
end_of_record

SF:/Users/dirtymic/guardian/peapods/peapods-fuzzing/contracts/interfaces/ITokenRewards.sol
end_of_record

SF:/Users/dirtymic/guardian/peapods/peapods-fuzzing/contracts/interfaces/IUniswapV2Factory.sol
end_of_record

SF:/Users/dirtymic/guardian/peapods/peapods-fuzzing/contracts/interfaces/IUniswapV2Pair.sol
end_of_record

SF:/Users/dirtymic/guardian/peapods/peapods-fuzzing/contracts/interfaces/IUniswapV2Router02.sol
end_of_record

SF:/Users/dirtymic/guardian/peapods/peapods-fuzzing/contracts/interfaces/IUniswapV3Pool.sol
end_of_record

SF:/Users/dirtymic/guardian/peapods/peapods-fuzzing/contracts/interfaces/IV2Reserves.sol
end_of_record

SF:/Users/dirtymic/guardian/peapods/peapods-fuzzing/contracts/interfaces/IV3TwapUtilities.sol
end_of_record

SF:/Users/dirtymic/guardian/peapods/peapods-fuzzing/contracts/interfaces/IWETH.sol
end_of_record

SF:/Users/dirtymic/guardian/peapods/peapods-fuzzing/contracts/interfaces/IZapper.sol
end_of_record

SF:/Users/dirtymic/guardian/peapods/peapods-fuzzing/contracts/libraries/FullMath.sol
DA:9,0
DA:16,0
DA:20,0
DA:30,0
DA:31,0
DA:32,0
DA:36,0
DA:37,0
DA:39,0
DA:41,0
DA:46,0
DA:54,0
DA:56,0
DA:60,0
DA:61,0
DA:67,0
DA:70,0
DA:75,0
DA:81,0
DA:83,0
DA:90,0
DA:94,0
DA:95,0
DA:96,0
DA:97,0
DA:98,0
DA:99,0
DA:107,0
end_of_record

SF:/Users/dirtymic/guardian/peapods/peapods-fuzzing/contracts/libraries/PoolAddress.sol
DA:5,0
DA:7,0
DA:34,0
DA:37,0
DA:38,0
DA:42,0
DA:43,0
DA:46,0
end_of_record

SF:/Users/dirtymic/guardian/peapods/peapods-fuzzing/contracts/libraries/TickMath.sol
DA:9,0
DA:16,0
DA:29,0
DA:31,0
DA:32,0
DA:33,0
DA:34,0
DA:35,0
DA:36,0
DA:38,0
DA:39,0
DA:41,0
DA:42,0
DA:43,0
DA:44,0
DA:45,0
DA:46,0
DA:47,0
DA:48,0
DA:49,0
DA:50,0
DA:51,0
DA:52,0
DA:53,0
DA:54,0
DA:55,0
DA:56,0
DA:57,0
DA:58,0
DA:59,0
DA:60,0
DA:61,0
DA:62,0
DA:63,0
DA:64,0
DA:65,0
DA:66,0
DA:67,0
DA:68,0
DA:69,0
DA:70,0
DA:71,0
DA:72,0
DA:73,0
DA:74,0
DA:75,0
DA:76,0
DA:77,0
DA:78,0
DA:80,0
DA:85,0
end_of_record

SF:/Users/dirtymic/guardian/peapods/peapods-fuzzing/contracts/libraries/VaultAccount.sol
DA:13,0
DA:16,0
DA:17,0
DA:18,0
DA:20,0
DA:21,0
DA:22,0
end_of_record

SF:/Users/dirtymic/guardian/peapods/peapods-fuzzing/contracts/lvf/LeverageManager.sol
DA:20,0
DA:29,0
DA:30,0
DA:32,0
DA:33,0
DA:36,0
DA:41,0
DA:42,0
DA:48,0
DA:49,0
DA:51,0
DA:52,0
DA:57,0
DA:62,0
DA:63,0
DA:70,0
DA:75,0
DA:88,0
DA:98,0
DA:99,0
DA:100,0
DA:101,0
DA:102,0
DA:103,0
DA:104,0
DA:105,0
DA:106,0
DA:107,0
DA:110,0
DA:111,0
DA:113,0
DA:114,0
DA:116,0
DA:119,0
DA:121,0
DA:122,0
DA:123,0
DA:124,0
DA:125,0
DA:126,0
DA:127,0
DA:128,0
DA:129,0
DA:130,0
DA:131,0
DA:132,0
DA:133,0
DA:134,0
DA:136,0
DA:138,0
DA:139,0
DA:140,0
DA:141,0
DA:142,0
DA:154,0
DA:162,0
DA:163,0
DA:166,0
DA:168,0
DA:169,0
DA:171,0
DA:175,0
DA:176,0
DA:177,0
DA:180,0
DA:181,0
DA:182,0
DA:183,0
DA:184,0
DA:185,0
DA:193,0
DA:194,0
DA:195,0
DA:196,0
DA:197,0
DA:206,0
DA:211,0
DA:212,0
DA:222,0
DA:223,0
DA:224,0
DA:227,0
DA:228,0
DA:232,0
DA:234,0
DA:235,0
DA:236,0
DA:237,0
DA:239,0
DA:240,0
DA:241,0
DA:243,0
DA:245,0
DA:246,0
DA:247,0
DA:248,0
DA:250,0
DA:252,0
DA:253,0
DA:254,0
DA:257,0
DA:261,0
DA:265,0
DA:266,0
DA:267,0
DA:268,0
DA:269,0
DA:271,0
DA:277,0
DA:278,0
DA:279,0
DA:280,0
DA:281,0
DA:282,0
DA:283,0
DA:284,0
DA:285,0
DA:287,0
DA:288,0
DA:289,0
DA:294,0
DA:296,0
DA:297,0
DA:298,0
DA:301,0
DA:302,0
DA:305,0
DA:306,0
DA:307,0
DA:308,0
DA:310,0
DA:313,0
DA:314,0
DA:315,0
DA:316,0
DA:317,0
DA:320,0
DA:321,0
DA:322,0
DA:324,0
DA:326,0
DA:327,0
DA:328,0
DA:329,0
DA:331,0
DA:335,0
DA:336,0
DA:337,0
DA:338,0
DA:340,0
DA:341,0
DA:342,0
DA:344,0
DA:347,0
DA:349,0
DA:350,0
DA:351,0
DA:354,0
DA:355,0
DA:356,0
DA:357,0
DA:358,0
DA:359,0
DA:360,0
DA:361,0
DA:362,0
DA:363,0
DA:364,0
DA:368,0
DA:371,0
DA:372,0
DA:373,0
DA:375,0
DA:376,0
DA:377,0
DA:378,0
DA:379,0
DA:380,0
DA:381,0
DA:383,0
DA:386,0
DA:388,0
DA:389,0
DA:390,0
DA:391,0
DA:395,0
DA:397,0
DA:400,0
DA:404,0
DA:405,0
DA:406,0
DA:407,0
DA:408,0
DA:409,0
DA:410,0
DA:411,0
DA:412,0
DA:413,0
DA:414,0
DA:417,0
DA:418,0
DA:419,0
DA:421,0
DA:422,0
DA:423,0
DA:426,0
DA:429,0
DA:430,0
DA:431,0
DA:432,0
DA:433,0
DA:434,0
DA:435,0
DA:436,0
DA:437,0
DA:440,0
DA:449,0
DA:450,0
DA:451,0
DA:453,0
DA:454,0
DA:455,0
DA:456,0
DA:457,0
DA:458,0
DA:459,0
DA:460,0
DA:461,0
DA:464,0
DA:466,0
DA:467,0
DA:468,0
DA:469,0
DA:470,0
DA:471,0
DA:476,0
DA:482,0
DA:483,0
DA:484,0
DA:485,0
DA:486,0
DA:488,0
DA:493,0
DA:495,0
DA:496,0
DA:497,0
DA:500,0
DA:506,0
DA:507,0
DA:508,0
DA:509,0
DA:510,0
DA:511,0
DA:512,0
DA:514,0
DA:515,0
DA:516,0
DA:518,0
DA:519,0
DA:520,0
DA:522,0
DA:523,0
DA:524,0
DA:526,0
DA:527,0
DA:528,0
DA:531,0
DA:532,0
DA:533,0
DA:536,0
DA:537,0
DA:538,0
DA:539,0
DA:540,0
DA:541,0
DA:542,0
DA:543,0
DA:544,0
DA:545,0
DA:548,0
DA:549,0
DA:550,0
DA:551,0
DA:552,0
DA:553,0
DA:554,0
DA:558,0
DA:559,0
DA:562,0
DA:564,0
DA:570,0
DA:576,0
DA:577,0
DA:578,0
DA:579,0
DA:580,0
DA:582,0
DA:584,0
DA:586,0
DA:590,0
DA:591,0
DA:592,0
DA:594,0
DA:596,0
DA:597,0
DA:601,0
DA:606,0
DA:611,0
DA:612,0
DA:613,0
DA:615,0
DA:616,0
DA:617,0
DA:620,0
DA:622,0
DA:625,0
DA:626,0
DA:629,0
DA:634,0
DA:636,0
DA:637,0
DA:638,0
DA:639,0
DA:642,0
DA:644,0
DA:646,0
DA:647,0
DA:650,0
DA:651,0
DA:652,0
DA:653,0
DA:654,0
DA:657,0
DA:658,0
DA:661,0
DA:662,0
DA:665,0
DA:666,0
DA:667,0
DA:670,0
DA:671,0
DA:672,0
DA:675,0
DA:676,0
DA:679,0
DA:682,0
DA:683,0
end_of_record

SF:/Users/dirtymic/guardian/peapods/peapods-fuzzing/contracts/lvf/LeverageManagerAccessControl.sol
DA:8,0
DA:10,0
DA:12,0
DA:14,0
DA:15,0
DA:16,0
DA:18,0
DA:21,0
DA:25,0
DA:26,0
DA:28,0
end_of_record

SF:/Users/dirtymic/guardian/peapods/peapods-fuzzing/contracts/lvf/LeveragePositionCustodian.sol
DA:10,0
DA:13,0
DA:19,0
DA:20,0
DA:21,0
DA:23,0
DA:30,0
DA:35,0
DA:38,0
DA:43,0
DA:44,0
end_of_record

SF:/Users/dirtymic/guardian/peapods/peapods-fuzzing/contracts/lvf/LeveragePositions.sol
DA:7,0
DA:10,0
DA:13,0
DA:14,0
DA:17,0
DA:18,0
DA:20,0
DA:24,0
end_of_record

SF:/Users/dirtymic/guardian/peapods/peapods-fuzzing/contracts/oracle/ChainlinkSinglePriceOracle.sol
DA:8,0
DA:11,0
DA:18,0
DA:23,0
DA:24,0
DA:25,0
DA:26,0
DA:27,0
DA:29,0
DA:30,0
DA:31,0
DA:32,0
DA:33,0
DA:34,0
DA:35,0
DA:36,0
DA:40,0
DA:42,0
DA:43,0
DA:44,0
DA:45,0
DA:47,0
DA:48,0
DA:51,0
DA:52,0
DA:53,0
DA:54,0
end_of_record

SF:/Users/dirtymic/guardian/peapods/peapods-fuzzing/contracts/oracle/UniswapV3SinglePriceOracle.sol
DA:12,0
DA:13,0
DA:18,0
DA:19,0
DA:20,0
DA:21,0
DA:22,0
DA:25,0
DA:26,0
DA:27,0
DA:28,0
DA:29,0
DA:32,0
DA:33,0
DA:36,0
DA:40,0
DA:41,0
DA:42,0
DA:43,0
DA:44,0
DA:45,0
DA:46,0
DA:50,0
DA:53,0
DA:54,0
DA:55,0
DA:56,0
DA:57,0
DA:58,0
DA:59,0
DA:60,0
DA:61,0
DA:62,0
DA:67,0
DA:71,0
DA:72,0
DA:73,0
DA:74,0
DA:75,0
DA:76,0
DA:81,0
DA:82,0
DA:83,0
DA:84,0
DA:85,0
DA:86,0
DA:87,0
end_of_record

SF:/Users/dirtymic/guardian/peapods/peapods-fuzzing/contracts/oracle/V2ReservesUniswap.sol
DA:7,0
DA:8,0
DA:15,0
DA:17,0
end_of_record

SF:/Users/dirtymic/guardian/peapods/peapods-fuzzing/contracts/oracle/aspTKNMinimalOracle.sol
DA:7,0
DA:8,0
DA:10,0
DA:25,0
DA:26,0
DA:27,0
DA:28,0
DA:29,0
DA:30,0
DA:31,0
DA:32,0
DA:33,0
DA:34,0
DA:35,0
DA:38,0
DA:41,0
DA:46,0
DA:47,0
DA:48,0
DA:49,0
DA:50,0
DA:51,0
DA:52,0
end_of_record

SF:/Users/dirtymic/guardian/peapods/peapods-fuzzing/contracts/oracle/spTKNMinimalOracle.sol
DA:13,0
DA:16,0
DA:17,0
DA:20,0
DA:21,0
DA:25,0
DA:26,0
DA:31,0
DA:32,0
DA:37,0
DA:38,0
DA:41,0
DA:42,0
DA:46,0
DA:48,0
DA:50,0
DA:62,0
DA:64,0
DA:65,0
DA:66,0
DA:70,0
DA:71,0
DA:72,0
DA:73,0
DA:74,0
DA:75,0
DA:76,0
DA:77,0
DA:78,0
DA:79,0
DA:80,0
DA:82,0
DA:83,0
DA:84,0
DA:86,0
DA:87,0
DA:95,0
DA:100,0
DA:101,0
DA:102,0
DA:103,0
DA:104,0
DA:105,0
DA:108,0
DA:109,0
DA:110,0
DA:111,0
DA:112,0
DA:113,0
DA:114,0
DA:115,0
DA:116,0
DA:117,0
DA:121,0
DA:122,0
DA:125,0
DA:127,0
DA:129,0
DA:130,0
DA:131,0
DA:132,0
DA:133,0
DA:135,0
DA:136,0
DA:137,0
DA:138,0
DA:140,0
DA:141,0
DA:144,0
DA:145,0
DA:146,0
DA:148,0
DA:152,0
DA:153,0
DA:155,0
DA:156,0
DA:158,0
DA:161,0
DA:162,0
DA:163,0
DA:164,0
DA:165,0
DA:166,0
DA:167,0
DA:168,0
DA:174,0
DA:176,0
DA:177,0
DA:178,0
DA:179,0
DA:180,0
DA:181,0
DA:182,0
DA:183,0
DA:184,0
DA:185,0
DA:186,0
DA:187,0
DA:188,0
DA:189,0
DA:190,0
DA:196,0
DA:197,0
DA:201,0
DA:202,0
DA:203,0
DA:204,0
DA:205,0
DA:206,0
DA:210,0
DA:212,0
DA:213,0
DA:214,0
DA:215,0
DA:216,0
DA:218,0
DA:221,0
DA:226,0
DA:227,0
DA:229,0
DA:230,0
DA:234,0
DA:235,0
DA:237,0
DA:240,0
DA:241,0
DA:244,0
DA:248,0
DA:249,0
DA:250,0
DA:251,0
DA:252,0
DA:254,0
DA:256,0
DA:257,0
DA:258,0
DA:259,0
DA:260,0
DA:261,0
DA:264,0
DA:267,0
DA:268,0
DA:269,0
DA:272,0
DA:273,0
DA:274,0
DA:275,0
DA:276,0
DA:277,0
DA:281,0
DA:282,0
end_of_record

SF:/Users/dirtymic/guardian/peapods/peapods-fuzzing/contracts/test/TestERC20.sol
DA:6,0
DA:7,0
DA:10,0
DA:11,0
DA:14,0
DA:15,0
end_of_record

SF:/Users/dirtymic/guardian/peapods/peapods-fuzzing/contracts/test/TestERC4626Vault.sol
DA:10,0
DA:13,0
DA:17,0
DA:20,0
DA:24,0
DA:26,0
DA:27,0
DA:30,0
DA:31,0
DA:34,0
DA:36,0
DA:37,0
DA:40,0
DA:42,0
DA:43,0
DA:46,0
DA:48,0
DA:49,0
DA:58,0
DA:61,0
DA:62,0
DA:65,0
DA:68,0
DA:69,0
DA:70,0
DA:71,0
DA:74,0
DA:77,0
DA:78,0
DA:79,0
DA:80,0
DA:81,0
DA:82,0
DA:85,0
DA:89,0
DA:90,0
DA:91,0
DA:92,0
DA:93,0
DA:95,0
DA:108,0
DA:111,0
DA:112,0
DA:113,0
DA:116,0
DA:118,0
DA:119,0
DA:122,0
DA:124,0
DA:125,0
DA:128,0
DA:132,0
DA:133,0
DA:134,0
DA:137,0
DA:139,0
DA:140,0
DA:143,0
DA:145,0
DA:146,0
DA:149,0
DA:153,0
DA:154,0
DA:157,0
DA:161,0
DA:162,0
DA:163,0
DA:164,0
DA:165,0
DA:168,0
DA:169,0
DA:170,0
end_of_record

SF:/Users/dirtymic/guardian/peapods/peapods-fuzzing/contracts/twaputils/V3TwapUtilities.sol
DA:13,0
DA:14,0
DA:16,0
DA:21,0
DA:22,0
DA:23,0
DA:24,0
DA:25,0
DA:26,0
DA:28,0
DA:31,0
DA:36,0
DA:37,0
DA:41,0
DA:45,0
DA:46,0
DA:50,0
DA:54,0
DA:55,0
DA:56,0
DA:57,0
DA:58,0
DA:60,0
DA:61,0
DA:63,0
DA:64,0
DA:65,0
DA:67,0
DA:70,0
DA:72,0
DA:73,0
DA:76,0
DA:79,0
DA:80,0
DA:83,0
DA:86,0
DA:87,0
DA:88,0
DA:89,0
DA:90,0
DA:91,0
DA:92,0
DA:93,0
DA:94,0
DA:95,0
DA:96,0
DA:101,0
DA:103,0
DA:104,0
DA:107,0
DA:110,0
DA:111,0
DA:112,0
DA:113,0
DA:114,0
DA:115,0
DA:116,0
DA:117,0
DA:118,0
DA:119,0
DA:120,0
DA:121,0
DA:122,0
end_of_record

SF:/Users/dirtymic/guardian/peapods/peapods-fuzzing/lib/forge-std/src/Base.sol
end_of_record

SF:/Users/dirtymic/guardian/peapods/peapods-fuzzing/lib/forge-std/src/StdAssertions.sol
DA:38,13
DA:39,8
DA:40,0
DA:42,60
end_of_record

SF:/Users/dirtymic/guardian/peapods/peapods-fuzzing/lib/forge-std/src/StdChains.sol
DA:66,0
end_of_record

SF:/Users/dirtymic/guardian/peapods/peapods-fuzzing/lib/forge-std/src/StdCheats.sol
end_of_record

SF:/Users/dirtymic/guardian/peapods/peapods-fuzzing/lib/forge-std/src/StdError.sol
DA:5,0
DA:6,0
DA:7,0
DA:8,0
DA:9,0
DA:10,0
DA:11,0
DA:12,0
DA:13,0
DA:14,0
end_of_record

SF:/Users/dirtymic/guardian/peapods/peapods-fuzzing/lib/forge-std/src/StdInvariant.sol
DA:83,6
DA:84,33
DA:87,6
DA:88,31
DA:91,6
DA:92,33
DA:95,26
DA:96,39
DA:99,14
DA:100,33
DA:103,14
DA:104,33
DA:107,6
DA:108,31
DA:111,14
DA:112,33
DA:115,6
DA:116,31
DA:119,16
DA:120,40
end_of_record

SF:/Users/dirtymic/guardian/peapods/peapods-fuzzing/lib/forge-std/src/StdJson.sol
DA:25,0
end_of_record

SF:/Users/dirtymic/guardian/peapods/peapods-fuzzing/lib/forge-std/src/StdMath.sol
DA:4,0
end_of_record

SF:/Users/dirtymic/guardian/peapods/peapods-fuzzing/lib/forge-std/src/StdStorage.sol
DA:24,0
DA:334,0
end_of_record

SF:/Users/dirtymic/guardian/peapods/peapods-fuzzing/lib/forge-std/src/StdStyle.sol
DA:6,0
end_of_record

SF:/Users/dirtymic/guardian/peapods/peapods-fuzzing/lib/forge-std/src/StdToml.sol
DA:25,0
end_of_record

SF:/Users/dirtymic/guardian/peapods/peapods-fuzzing/lib/forge-std/src/StdUtils.sol
DA:18,2
DA:33,9
DA:34,7
DA:37,21
DA:39,15
DA:43,23
DA:44,34
DA:47,10
DA:48,9
DA:49,8
DA:50,14
DA:51,15
DA:52,1
DA:53,0
DA:54,0
DA:55,0
DA:56,0
DA:60,8
DA:61,9
DA:62,21
DA:201,3
DA:202,5
DA:205,3
DA:206,5
DA:209,2
DA:210,4
DA:211,4
DA:219,4
DA:220,38
end_of_record

SF:/Users/dirtymic/guardian/peapods/peapods-fuzzing/lib/forge-std/src/Test.sol
DA:32,9
end_of_record

SF:/Users/dirtymic/guardian/peapods/peapods-fuzzing/lib/forge-std/src/Vm.sol
end_of_record

SF:/Users/dirtymic/guardian/peapods/peapods-fuzzing/lib/forge-std/src/console.sol
DA:4,0
end_of_record

SF:/Users/dirtymic/guardian/peapods/peapods-fuzzing/lib/forge-std/src/console2.sol
end_of_record

SF:/Users/dirtymic/guardian/peapods/peapods-fuzzing/lib/forge-std/src/interfaces/IERC165.sol
end_of_record

SF:/Users/dirtymic/guardian/peapods/peapods-fuzzing/lib/forge-std/src/interfaces/IERC20.sol
end_of_record

SF:/Users/dirtymic/guardian/peapods/peapods-fuzzing/lib/forge-std/src/interfaces/IERC721.sol
end_of_record

SF:/Users/dirtymic/guardian/peapods/peapods-fuzzing/lib/forge-std/src/interfaces/IMulticall3.sol
end_of_record

SF:/Users/dirtymic/guardian/peapods/peapods-fuzzing/lib/forge-std/src/mocks/MockERC20.sol
DA:8,0
DA:19,0
DA:20,0
DA:23,0
DA:24,0
DA:27,0
DA:28,0
DA:41,0
DA:42,0
DA:45,0
DA:46,0
DA:49,0
DA:50,0
DA:61,0
DA:72,0
DA:73,0
DA:75,0
DA:76,0
DA:77,0
DA:79,0
DA:80,0
DA:82,0
DA:89,0
DA:90,0
DA:92,0
DA:94,0
DA:97,0
DA:98,0
DA:99,0
DA:101,0
DA:106,0
DA:107,0
DA:109,0
DA:111,0
DA:112,0
DA:114,0
DA:116,0
DA:123,0
DA:126,0
DA:127,0
DA:129,0
DA:130,0
DA:131,0
DA:133,0
DA:134,0
DA:135,0
DA:136,0
DA:139,0
DA:140,0
DA:141,0
DA:142,0
DA:153,0
DA:155,0
DA:157,0
DA:160,0
DA:161,0
DA:164,0
DA:165,0
DA:166,0
DA:167,0
DA:168,0
DA:169,0
DA:170,0
DA:171,0
DA:198,0
DA:199,0
DA:200,0
DA:204,0
DA:205,0
DA:206,0
DA:217,0
DA:220,0
DA:226,0
DA:227,0
DA:232,0
end_of_record

SF:/Users/dirtymic/guardian/peapods/peapods-fuzzing/lib/forge-std/src/mocks/MockERC721.sol
DA:8,0
DA:17,0
DA:18,0
DA:21,0
DA:22,0
DA:25,0
DA:35,0
DA:36,0
DA:39,0
DA:40,0
DA:42,0
DA:53,0
DA:54,0
DA:57,0
DA:58,0
DA:70,0
DA:71,0
DA:73,0
DA:74,0
DA:76,0
DA:83,0
DA:84,0
DA:86,0
DA:88,0
DA:90,0
DA:93,0
DA:94,0
DA:96,0
DA:99,0
DA:100,0
DA:102,0
DA:104,0
DA:105,0
DA:111,0
DA:113,0
DA:115,0
DA:117,0
DA:119,0
DA:122,0
DA:123,0
DA:125,0
DA:126,0
DA:127,0
DA:128,0
DA:133,0
DA:139,0
DA:141,0
DA:142,0
DA:143,0
DA:144,0
DA:153,0
DA:154,0
DA:155,0
DA:156,0
DA:226,0
DA:229,0
end_of_record

SF:/Users/dirtymic/guardian/peapods/peapods-fuzzing/lib/forge-std/src/safeconsole.sol
DA:6,0
end_of_record

SF:/Users/dirtymic/guardian/peapods/peapods-fuzzing/lib/fuzzlib/src/FuzzBase.sol
DA:8,0
DA:11,0
end_of_record

SF:/Users/dirtymic/guardian/peapods/peapods-fuzzing/lib/fuzzlib/src/FuzzLibString.sol
DA:8,0
DA:11,0
DA:12,0
DA:13,0
DA:15,0
DA:16,0
DA:20,4
DA:26,4
DA:29,3
DA:32,6
DA:35,3
DA:38,1
DA:43,3
DA:45,5
DA:49,7
DA:52,3
DA:55,2
DA:59,3
DA:62,4
DA:65,3
DA:69,0
DA:70,0
DA:71,0
DA:72,0
DA:73,0
DA:75,0
DA:76,0
DA:77,0
DA:78,0
DA:80,0
DA:83,4
DA:84,1
DA:85,0
DA:90,0
DA:93,0
DA:95,0
DA:96,0
DA:97,0
DA:98,0
DA:99,0
DA:100,0
DA:101,0
DA:107,0
DA:110,0
DA:113,0
DA:115,0
DA:116,0
DA:117,0
DA:118,0
DA:121,0
DA:122,0
DA:123,0
DA:124,0
DA:128,0
DA:129,0
DA:133,0
DA:137,0
DA:141,0
DA:143,0
DA:146,0
DA:149,0
DA:151,0
DA:152,0
end_of_record

SF:/Users/dirtymic/guardian/peapods/peapods-fuzzing/lib/fuzzlib/src/Fuzzlib.sol
DA:11,84
end_of_record

SF:/Users/dirtymic/guardian/peapods/peapods-fuzzing/lib/fuzzlib/src/helpers/HelperAssert.sol
DA:18,11
DA:19,3
DA:20,17
DA:21,50
DA:26,0
DA:31,0
DA:32,0
DA:33,0
DA:41,0
DA:46,0
DA:47,0
DA:48,0
DA:49,0
DA:50,0
DA:56,0
DA:61,0
DA:62,0
DA:63,0
DA:64,0
DA:71,0
DA:76,0
DA:77,0
DA:78,0
DA:86,0
DA:91,0
DA:92,0
DA:93,0
DA:94,0
DA:95,0
DA:96,0
DA:97,0
DA:98,0
DA:103,0
DA:108,0
DA:109,0
DA:110,0
DA:111,0
DA:112,0
DA:118,0
DA:123,0
DA:124,0
DA:125,0
DA:133,0
DA:138,0
DA:139,0
DA:140,0
DA:148,0
DA:153,0
DA:154,0
DA:155,0
DA:156,0
DA:157,0
DA:163,0
DA:168,0
DA:169,0
DA:170,0
DA:171,0
DA:172,0
DA:178,0
DA:183,0
DA:184,0
DA:185,0
DA:193,0
DA:198,0
DA:199,0
DA:200,0
DA:208,0
DA:213,0
DA:214,0
DA:215,0
DA:216,0
DA:217,0
DA:223,2
DA:228,0
DA:229,0
DA:230,0
DA:231,0
DA:232,0
DA:233,0
DA:238,0
DA:243,0
DA:244,0
DA:245,0
DA:252,0
DA:256,0
DA:257,0
DA:260,0
DA:264,0
DA:265,0
DA:268,0
DA:272,0
DA:273,0
DA:274,0
DA:275,0
DA:276,0
DA:278,0
DA:281,0
DA:286,0
DA:287,0
DA:288,0
DA:289,0
DA:290,0
DA:291,0
DA:293,0
DA:296,0
DA:302,0
DA:303,0
DA:304,0
DA:305,0
DA:306,0
DA:307,0
DA:308,0
DA:309,0
DA:311,0
DA:313,0
DA:315,0
DA:318,0
DA:321,0
DA:325,0
DA:326,0
DA:327,0
DA:328,0
DA:329,0
DA:330,0
DA:333,0
DA:336,0
DA:341,0
DA:342,0
DA:343,0
DA:344,0
DA:345,0
DA:346,0
DA:347,0
DA:350,0
DA:353,0
DA:354,0
end_of_record

SF:/Users/dirtymic/guardian/peapods/peapods-fuzzing/lib/fuzzlib/src/helpers/HelperBase.sol
DA:6,0
DA:7,0
DA:9,0
DA:10,0
end_of_record

SF:/Users/dirtymic/guardian/peapods/peapods-fuzzing/lib/fuzzlib/src/helpers/HelperClamp.sol
DA:18,11
DA:22,1
DA:23,7
DA:27,0
DA:31,0
DA:32,0
DA:36,0
DA:37,0
DA:41,0
DA:42,0
DA:46,0
DA:47,0
DA:51,0
DA:52,0
DA:56,0
DA:57,0
DA:61,0
DA:62,0
DA:66,0
DA:67,0
DA:71,0
DA:72,0
DA:82,20
DA:87,1
DA:88,15
DA:89,27
DA:90,8
DA:91,8
DA:92,8
DA:93,26
DA:95,1
DA:97,1
DA:99,17
DA:101,3
DA:103,1
DA:107,0
DA:112,0
DA:113,0
DA:114,0
DA:115,0
DA:116,0
DA:117,0
DA:118,0
DA:119,0
DA:120,0
DA:121,0
DA:123,0
DA:125,0
DA:127,0
DA:129,0
DA:135,0
DA:139,0
DA:140,0
DA:141,0
DA:142,0
DA:143,0
DA:146,0
DA:164,0
DA:168,0
DA:169,0
DA:170,0
DA:171,0
DA:172,0
DA:188,0
DA:192,0
DA:193,0
DA:194,0
DA:212,7
DA:216,0
DA:217,0
DA:218,0
DA:219,0
DA:220,0
DA:221,0
DA:222,0
DA:224,0
DA:226,0
DA:228,0
DA:230,0
DA:232,0
DA:236,0
DA:240,0
DA:241,0
DA:242,0
DA:243,0
DA:247,0
DA:248,0
DA:249,0
DA:250,0
DA:261,0
DA:266,0
DA:270,0
DA:271,0
DA:272,0
DA:291,0
DA:295,0
DA:296,0
DA:297,0
DA:298,0
DA:299,0
DA:315,0
DA:319,0
DA:320,0
DA:321,0
DA:322,0
DA:323,0
end_of_record

SF:/Users/dirtymic/guardian/peapods/peapods-fuzzing/lib/fuzzlib/src/helpers/HelperLog.sol
DA:7,0
DA:8,0
DA:11,0
DA:12,0
DA:15,0
DA:16,0
DA:19,0
DA:20,0
DA:23,0
DA:24,0
DA:27,11
DA:28,5
DA:31,0
DA:32,0
DA:39,0
DA:40,0
DA:43,0
DA:44,0
DA:47,0
DA:48,0
DA:51,0
DA:52,0
DA:55,0
DA:56,0
DA:59,0
DA:60,0
DA:63,0
DA:64,0
DA:67,3
DA:68,1
DA:71,0
DA:72,0
end_of_record

SF:/Users/dirtymic/guardian/peapods/peapods-fuzzing/lib/fuzzlib/src/helpers/HelperMath.sol
DA:5,0
DA:6,0
DA:9,0
DA:10,0
DA:14,0
DA:15,0
DA:19,0
DA:20,0
DA:23,2
DA:24,2
DA:27,0
DA:28,0
DA:31,0
DA:32,0
end_of_record

SF:/Users/dirtymic/guardian/peapods/peapods-fuzzing/lib/fuzzlib/src/helpers/HelperRandom.sol
DA:7,0
DA:11,0
DA:12,0
DA:14,0
DA:15,0
DA:17,0
DA:18,0
end_of_record

SF:/Users/dirtymic/guardian/peapods/peapods-fuzzing/lib/fuzzlib/src/libraries/LibLog.sol
DA:4,0
DA:23,0
DA:24,0
DA:27,0
DA:28,0
DA:31,0
DA:32,0
DA:35,0
DA:36,0
DA:39,0
DA:40,0
DA:43,1
DA:44,11
DA:47,0
DA:48,0
DA:51,0
DA:52,0
DA:55,0
DA:56,0
DA:59,0
DA:60,0
DA:63,0
DA:64,0
DA:67,0
DA:68,0
DA:71,0
DA:72,0
DA:75,0
DA:76,0
DA:79,0
DA:80,0
DA:83,3
DA:84,8
end_of_record

SF:/Users/dirtymic/guardian/peapods/peapods-fuzzing/lib/fuzzlib/src/platform/IPlatform.sol
end_of_record

SF:/Users/dirtymic/guardian/peapods/peapods-fuzzing/lib/fuzzlib/src/platform/PlatformCrytic.sol
DA:7,24
DA:8,5
DA:9,3
end_of_record

SF:/Users/dirtymic/guardian/peapods/peapods-fuzzing/node_modules/@chainlink/contracts/src/v0.8/shared/interfaces/AggregatorV3Interface.sol
end_of_record

SF:/Users/dirtymic/guardian/peapods/peapods-fuzzing/node_modules/@openzeppelin/contracts/access/Ownable.sol
DA:29,0
DA:36,0
DA:43,0
DA:44,0
DA:50,0
DA:51,0
DA:61,0
DA:62,0
DA:69,0
DA:70,0
DA:71,0
DA:78,0
DA:79,0
DA:80,0
DA:81,0
end_of_record

SF:/Users/dirtymic/guardian/peapods/peapods-fuzzing/node_modules/@openzeppelin/contracts/access/Ownable2Step.sol
DA:27,0
DA:28,0
DA:35,0
DA:36,0
DA:37,0
DA:44,0
DA:45,0
DA:46,0
DA:52,0
DA:54,0
DA:55,0
end_of_record

SF:/Users/dirtymic/guardian/peapods/peapods-fuzzing/node_modules/@openzeppelin/contracts/interfaces/IERC20.sol
end_of_record

SF:/Users/dirtymic/guardian/peapods/peapods-fuzzing/node_modules/@openzeppelin/contracts/interfaces/IERC4626.sol
end_of_record

SF:/Users/dirtymic/guardian/peapods/peapods-fuzzing/node_modules/@openzeppelin/contracts/interfaces/IERC5267.sol
end_of_record

SF:/Users/dirtymic/guardian/peapods/peapods-fuzzing/node_modules/@openzeppelin/contracts/security/ReentrancyGuard.sol
DA:34,0
DA:35,0
DA:40,0
DA:51,0
DA:52,0
DA:53,0
DA:56,0
DA:58,0
DA:61,0
DA:64,0
DA:67,0
end_of_record

SF:/Users/dirtymic/guardian/peapods/peapods-fuzzing/node_modules/@openzeppelin/contracts/token/ERC20/ERC20.sol
DA:38,0
DA:54,0
DA:55,0
DA:56,0
DA:62,8
DA:63,0
DA:70,0
DA:71,0
DA:87,0
DA:88,0
DA:94,4
DA:95,6
DA:101,10
DA:102,13
DA:113,0
DA:115,0
DA:122,3
DA:123,28
DA:136,22
DA:138,6
DA:139,4
DA:158,14
DA:160,6
DA:161,7
DA:162,2
DA:177,0
DA:179,0
DA:197,0
DA:199,0
DA:200,8
DA:202,0
DA:205,0
DA:222,1
DA:223,5
DA:224,5
DA:228,14
DA:229,15
DA:231,20
DA:234,18
DA:237,11
DA:239,1
DA:251,4
DA:252,5
DA:256,15
DA:259,20
DA:261,10
DA:263,0
DA:277,1
DA:278,0
DA:282,0
DA:283,0
DA:285,0
DA:287,0
DA:290,0
DA:292,1
DA:308,5
DA:309,5
DA:310,5
DA:312,32
DA:313,12
DA:324,6
DA:325,9
DA:326,4
DA:327,0
DA:329,1
DA:348,0
end_of_record

SF:/Users/dirtymic/guardian/peapods/peapods-fuzzing/node_modules/@openzeppelin/contracts/token/ERC20/IERC20.sol
end_of_record

SF:/Users/dirtymic/guardian/peapods/peapods-fuzzing/node_modules/@openzeppelin/contracts/token/ERC20/extensions/ERC20Permit.sol
DA:29,0
DA:44,0
DA:49,0
DA:57,0
DA:58,0
DA:60,0
DA:62,0
DA:64,0
DA:65,0
DA:67,0
DA:73,0
DA:74,0
DA:81,0
DA:82,0
DA:90,0
DA:91,0
DA:93,0
end_of_record

SF:/Users/dirtymic/guardian/peapods/peapods-fuzzing/node_modules/@openzeppelin/contracts/token/ERC20/extensions/IERC20Metadata.sol
end_of_record

SF:/Users/dirtymic/guardian/peapods/peapods-fuzzing/node_modules/@openzeppelin/contracts/token/ERC20/extensions/IERC20Permit.sol
end_of_record

SF:/Users/dirtymic/guardian/peapods/peapods-fuzzing/node_modules/@openzeppelin/contracts/token/ERC20/utils/SafeERC20.sol
DA:19,0
DA:26,0
DA:27,0
DA:34,1
DA:35,41
DA:45,0
DA:49,0
DA:50,0
DA:53,0
DA:60,0
DA:61,0
DA:62,0
DA:69,0
DA:71,0
DA:72,0
DA:73,0
DA:117,1
DA:122,33
DA:123,25
end_of_record

SF:/Users/dirtymic/guardian/peapods/peapods-fuzzing/node_modules/@openzeppelin/contracts/token/ERC721/ERC721.sol
DA:19,0
DA:44,0
DA:45,0
DA:46,0
DA:52,0
DA:53,0
DA:54,0
DA:55,0
DA:56,0
DA:62,0
DA:63,0
DA:64,0
DA:70,0
DA:72,0
DA:79,0
DA:80,0
DA:86,0
DA:87,0
DA:93,0
DA:94,0
DA:96,0
DA:97,0
DA:105,0
DA:106,0
DA:112,0
DA:113,0
DA:114,0
DA:116,0
DA:117,0
DA:121,0
DA:127,0
DA:128,0
DA:130,0
DA:136,0
DA:137,0
DA:143,0
DA:144,0
DA:150,0
DA:152,0
DA:154,0
DA:160,0
DA:161,0
DA:167,0
DA:168,0
DA:169,0
DA:190,0
DA:191,0
DA:192,0
DA:199,0
DA:210,0
DA:221,0
DA:222,0
DA:223,0
DA:333,0
DA:334,0
DA:335,0
DA:340,0
DA:343,0
DA:351,0
DA:352,0
DA:354,0
DA:356,0
DA:366,0
DA:367,0
DA:368,0
DA:376,0
DA:377,0
DA:378,0
DA:379,0
DA:385,0
DA:386,0
DA:399,0
DA:404,0
DA:405,0
DA:406,0
DA:407,0
DA:409,0
DA:410,0
DA:414,0
DA:419,0
end_of_record

SF:/Users/dirtymic/guardian/peapods/peapods-fuzzing/node_modules/@openzeppelin/contracts/token/ERC721/IERC721.sol
end_of_record

SF:/Users/dirtymic/guardian/peapods/peapods-fuzzing/node_modules/@openzeppelin/contracts/token/ERC721/IERC721Receiver.sol
end_of_record

SF:/Users/dirtymic/guardian/peapods/peapods-fuzzing/node_modules/@openzeppelin/contracts/token/ERC721/extensions/IERC721Metadata.sol
end_of_record

SF:/Users/dirtymic/guardian/peapods/peapods-fuzzing/node_modules/@openzeppelin/contracts/utils/Address.sol
DA:9,0
DA:45,0
DA:99,1
DA:103,2
DA:104,5
DA:128,2
DA:133,0
DA:134,0
DA:135,71
DA:136,9
DA:195,1
DA:200,1
DA:201,5
DA:202,6
DA:205,1
DA:207,3
DA:209,3
DA:233,6
DA:237,2
DA:238,5
DA:241,12
end_of_record

SF:/Users/dirtymic/guardian/peapods/peapods-fuzzing/node_modules/@openzeppelin/contracts/utils/Context.sol
DA:17,0
DA:18,4
end_of_record

SF:/Users/dirtymic/guardian/peapods/peapods-fuzzing/node_modules/@openzeppelin/contracts/utils/Counters.sol
DA:14,0
DA:22,0
DA:23,0
DA:28,0
end_of_record

SF:/Users/dirtymic/guardian/peapods/peapods-fuzzing/node_modules/@openzeppelin/contracts/utils/ShortStrings.sol
DA:40,0
DA:42,0
DA:52,0
DA:53,0
DA:54,0
DA:55,0
DA:57,0
DA:63,0
DA:64,0
DA:66,0
DA:69,0
DA:70,0
DA:78,0
DA:79,0
DA:80,0
DA:81,0
DA:89,0
DA:90,0
DA:91,0
DA:93,0
DA:101,0
DA:102,0
DA:103,0
DA:105,0
end_of_record

SF:/Users/dirtymic/guardian/peapods/peapods-fuzzing/node_modules/@openzeppelin/contracts/utils/StorageSlot.sol
DA:34,0
end_of_record

SF:/Users/dirtymic/guardian/peapods/peapods-fuzzing/node_modules/@openzeppelin/contracts/utils/Strings.sol
DA:12,0
DA:19,0
DA:21,0
DA:22,0
DA:26,0
DA:28,0
DA:29,0
DA:32,0
DA:34,0
DA:35,0
DA:37,0
end_of_record

SF:/Users/dirtymic/guardian/peapods/peapods-fuzzing/node_modules/@openzeppelin/contracts/utils/cryptography/ECDSA.sol
DA:14,0
DA:23,0
DA:24,0
DA:26,0
DA:27,0
DA:28,0
DA:29,0
DA:30,0
DA:31,0
DA:124,0
DA:134,0
DA:135,0
DA:139,0
DA:140,0
DA:141,0
DA:144,0
DA:151,8
DA:152,0
DA:153,0
DA:154,0
DA:197,0
DA:200,0
DA:201,0
DA:202,0
DA:203,0
DA:204,0
end_of_record

SF:/Users/dirtymic/guardian/peapods/peapods-fuzzing/node_modules/@openzeppelin/contracts/utils/cryptography/EIP712.sol
DA:39,0
DA:67,0
DA:68,0
DA:69,0
DA:70,0
DA:71,0
DA:73,0
DA:74,0
DA:75,0
DA:81,0
DA:82,0
DA:83,0
DA:85,0
DA:89,0
DA:90,0
DA:108,0
DA:109,0
DA:117,0
DA:123,0
DA:124,0
DA:132,0
DA:134,0
DA:135,0
DA:136,0
DA:137,0
DA:138,0
DA:139,0
end_of_record

SF:/Users/dirtymic/guardian/peapods/peapods-fuzzing/node_modules/@openzeppelin/contracts/utils/introspection/ERC165.sol
DA:27,0
end_of_record

SF:/Users/dirtymic/guardian/peapods/peapods-fuzzing/node_modules/@openzeppelin/contracts/utils/introspection/IERC165.sol
end_of_record

SF:/Users/dirtymic/guardian/peapods/peapods-fuzzing/node_modules/@openzeppelin/contracts/utils/math/Math.sol
DA:9,0
DA:252,0
DA:255,0
DA:256,0
DA:257,0
DA:259,0
DA:260,0
DA:261,0
DA:263,0
DA:264,0
DA:265,0
DA:267,0
DA:268,0
DA:269,0
DA:271,0
DA:272,0
DA:273,0
DA:275,0
DA:276,0
DA:277,0
DA:279,0
DA:280,0
DA:283,0
end_of_record

SF:/Users/dirtymic/guardian/peapods/peapods-fuzzing/node_modules/@openzeppelin/contracts/utils/math/SafeCast.sol
DA:22,0
DA:290,0
DA:291,0
DA:292,0
DA:1131,0
DA:1133,0
end_of_record

SF:/Users/dirtymic/guardian/peapods/peapods-fuzzing/node_modules/@openzeppelin/contracts/utils/math/SignedMath.sol
DA:9,0
end_of_record

SF:/Users/dirtymic/guardian/peapods/peapods-fuzzing/node_modules/@rari-capital/solmate/src/utils/SSTORE2.sol
DA:7,0
DA:8,0
DA:14,0
DA:16,0
DA:18,0
DA:34,0
DA:40,0
DA:43,0
DA:50,0
DA:51,0
DA:77,0
DA:84,0
DA:90,0
DA:93,0
DA:96,0
end_of_record

SF:/Users/dirtymic/guardian/peapods/peapods-fuzzing/node_modules/@uniswap/v2-core/contracts/interfaces/IUniswapV2Pair.sol
end_of_record

SF:/Users/dirtymic/guardian/peapods/peapods-fuzzing/node_modules/@uniswap/v3-core/contracts/interfaces/callback/IUniswapV3SwapCallback.sol
end_of_record

SF:/Users/dirtymic/guardian/peapods/peapods-fuzzing/node_modules/@uniswap/v3-core/contracts/libraries/FixedPoint96.sol
DA:7,0
DA:9,0
end_of_record

SF:/Users/dirtymic/guardian/peapods/peapods-fuzzing/node_modules/@uniswap/v3-periphery/contracts/interfaces/IPeripheryImmutableState.sol
end_of_record

SF:/Users/dirtymic/guardian/peapods/peapods-fuzzing/node_modules/@uniswap/v3-periphery/contracts/interfaces/ISwapRouter.sol
end_of_record

SF:/Users/dirtymic/guardian/peapods/peapods-fuzzing/node_modules/erc721a/contracts/ERC721A.sol
DA:39,0
DA:50,0
DA:147,0
DA:148,0
DA:149,0
DA:150,0
DA:166,0
DA:185,0
DA:186,0
DA:194,0
DA:200,0
DA:238,0
DA:239,0
DA:240,0
DA:291,0
DA:296,0
DA:297,0
DA:298,0
DA:299,0
DA:309,0
DA:310,0
DA:316,0
DA:317,0
DA:323,0
DA:324,0
DA:326,0
DA:327,0
DA:335,0
DA:336,0
DA:350,0
DA:351,0
DA:389,0
DA:390,0
DA:391,0
DA:399,0
DA:400,0
DA:410,0
DA:412,0
DA:414,0
DA:415,0
DA:419,0
DA:426,0
DA:428,0
DA:447,0
DA:449,0
DA:460,0
DA:475,0
DA:476,0
DA:486,0
DA:487,0
DA:489,0
DA:503,0
DA:504,0
DA:505,0
DA:513,0
DA:514,0
DA:524,0
DA:525,0
DA:528,0
DA:529,0
DA:530,0
DA:531,0
DA:557,0
DA:561,0
DA:573,0
DA:577,0
DA:598,0
DA:602,0
DA:603,0
DA:606,0
DA:608,0
DA:610,0
DA:613,0
DA:614,0
DA:620,0
DA:622,0
DA:631,0
DA:632,0
DA:639,0
DA:645,0
DA:646,0
DA:648,0
DA:650,0
DA:652,0
DA:659,0
DA:662,0
DA:665,0
DA:666,0
DA:668,0
DA:671,0
DA:679,0
DA:684,0
DA:702,0
DA:708,0
DA:709,0
DA:710,0
DA:711,0
DA:771,0
DA:776,0
DA:777,0
DA:780,0
DA:782,0
DA:783,0
DA:786,0
DA:805,0
DA:806,0
DA:807,0
DA:820,0
DA:830,0
DA:835,0
DA:837,0
DA:842,0
DA:845,0
DA:846,0
DA:847,0
DA:848,0
DA:849,0
DA:850,0
DA:851,0
DA:856,0
DA:858,0
DA:1093,0
DA:1097,0
DA:1098,0
DA:1100,0
DA:1101,0
DA:1102,0
DA:1105,0
DA:1106,0
DA:1260,0
DA:1266,0
DA:1272,0
DA:1274,0
DA:1276,0
DA:1278,0
DA:1281,0
DA:1286,0
DA:1287,0
DA:1290,0
DA:1292,0
DA:1294,0
DA:1297,0
DA:1299,0
DA:1301,0
DA:1308,0
DA:1310,0
DA:1311,0
end_of_record

SF:/Users/dirtymic/guardian/peapods/peapods-fuzzing/node_modules/erc721a/contracts/IERC721A.sol
end_of_record

SF:/Users/dirtymic/guardian/peapods/peapods-fuzzing/test/invariant/FuzzSetup.sol
DA:70,0
DA:77,0
DA:78,0
DA:79,0
DA:81,0
DA:84,0
DA:85,0
DA:86,0
DA:88,0
DA:151,0
DA:180,0
DA:182,0
DA:183,0
DA:184,0
DA:185,0
DA:186,0
DA:187,0
DA:188,0
DA:189,0
DA:190,0
DA:191,0
DA:192,0
DA:193,0
DA:194,0
DA:195,0
DA:196,0
DA:197,0
DA:198,0
DA:199,0
DA:200,0
DA:201,0
DA:202,0
DA:203,0
DA:204,0
DA:206,0
DA:210,0
DA:211,0
DA:213,0
DA:214,0
DA:216,0
DA:217,0
DA:219,0
DA:220,0
DA:221,0
DA:229,0
DA:231,0
DA:232,0
DA:233,0
DA:234,0
DA:235,0
DA:237,0
DA:238,0
DA:239,0
DA:240,0
DA:242,0
DA:244,0
DA:245,0
DA:247,0
DA:248,0
DA:249,0
DA:250,0
DA:252,0
DA:253,0
DA:254,0
DA:255,0
DA:258,0
DA:259,0
DA:260,0
DA:261,0
DA:263,0
DA:264,0
DA:265,0
DA:266,0
DA:268,0
DA:269,0
DA:270,0
DA:271,0
DA:273,0
DA:274,0
DA:275,0
DA:276,0
DA:280,0
DA:281,0
DA:283,0
DA:286,0
DA:287,0
DA:288,0
DA:291,0
DA:292,0
DA:293,0
DA:294,0
DA:295,0
DA:296,0
DA:297,0
DA:300,0
DA:302,0
DA:303,0
DA:304,0
DA:305,0
DA:306,0
DA:307,0
DA:310,0
DA:311,0
DA:312,0
DA:316,0
DA:317,0
DA:320,0
DA:321,0
DA:324,0
DA:325,0
DA:336,0
DA:337,0
DA:338,0
DA:339,0
DA:340,0
DA:344,0
DA:345,0
DA:346,0
DA:347,0
DA:348,0
DA:349,0
DA:350,0
DA:353,0
DA:356,0
DA:357,0
DA:360,0
DA:361,0
DA:362,0
DA:363,0
DA:364,0
DA:367,0
DA:368,0
DA:370,0
DA:371,0
DA:372,0
DA:376,0
DA:377,0
DA:379,0
DA:380,0
DA:384,0
DA:387,0
DA:388,0
DA:389,0
DA:390,0
DA:391,0
DA:392,0
DA:393,0
DA:396,0
DA:397,0
DA:398,0
DA:400,0
DA:401,0
DA:402,0
DA:406,0
DA:407,0
DA:409,0
DA:410,0
DA:414,0
DA:417,0
DA:418,0
DA:419,0
DA:420,0
DA:421,0
DA:422,0
DA:423,0
DA:424,0
DA:425,0
DA:426,0
DA:427,0
DA:430,0
DA:431,0
DA:432,0
DA:433,0
DA:434,0
DA:436,0
DA:437,0
DA:438,0
DA:442,0
DA:443,0
DA:445,0
DA:446,0
DA:450,0
DA:453,0
DA:454,0
DA:457,0
DA:458,0
DA:461,0
DA:462,0
DA:463,0
DA:464,0
DA:465,0
DA:469,0
DA:472,0
DA:473,0
DA:474,0
DA:475,0
DA:476,0
DA:480,0
DA:483,0
DA:484,0
DA:485,0
DA:486,0
DA:487,0
DA:492,0
DA:493,0
DA:494,0
DA:495,0
DA:497,0
DA:498,0
DA:499,0
DA:501,0
DA:502,0
DA:503,0
DA:507,0
DA:508,0
DA:509,0
DA:512,0
DA:513,0
DA:514,0
DA:516,0
DA:517,0
DA:518,0
DA:522,0
DA:523,0
DA:524,0
DA:527,0
DA:528,0
DA:529,0
DA:531,0
DA:532,0
DA:533,0
DA:537,0
DA:538,0
DA:539,0
DA:543,0
DA:544,0
DA:545,0
DA:547,0
DA:549,0
DA:551,0
DA:553,0
DA:556,0
DA:557,0
DA:558,0
DA:559,0
DA:560,0
DA:563,0
DA:566,0
DA:568,0
DA:569,0
DA:571,0
DA:573,0
DA:575,0
DA:577,0
DA:580,0
DA:581,0
DA:582,0
DA:583,0
DA:584,0
DA:587,0
DA:590,0
DA:592,0
DA:593,0
DA:595,0
DA:597,0
DA:599,0
DA:601,0
DA:604,0
DA:605,0
DA:606,0
DA:607,0
DA:608,0
DA:611,0
DA:614,0
DA:617,0
DA:619,0
DA:621,0
DA:622,0
DA:623,0
DA:624,0
DA:625,0
DA:626,0
DA:627,0
DA:628,0
DA:632,0
DA:633,0
DA:636,0
DA:637,0
DA:638,0
DA:639,0
DA:644,0
DA:645,0
DA:646,0
DA:647,0
DA:648,0
DA:649,0
DA:650,0
DA:652,0
DA:656,0
DA:658,0
DA:659,0
DA:661,0
DA:662,0
DA:666,0
DA:667,0
DA:669,0
DA:670,0
DA:675,0
DA:678,0
DA:680,0
DA:681,0
DA:682,0
DA:683,0
DA:684,0
DA:685,0
DA:686,0
DA:687,0
DA:688,0
DA:689,0
DA:690,0
DA:691,0
DA:692,0
DA:698,0
DA:700,0
DA:701,0
DA:702,0
DA:703,0
DA:704,0
DA:705,0
DA:706,0
DA:707,0
DA:708,0
DA:709,0
DA:710,0
DA:711,0
DA:712,0
DA:718,0
DA:720,0
DA:721,0
DA:722,0
DA:723,0
DA:724,0
DA:725,0
DA:726,0
DA:727,0
DA:728,0
DA:729,0
DA:730,0
DA:731,0
DA:732,0
DA:738,0
DA:741,0
DA:742,0
DA:745,0
DA:748,0
DA:749,0
DA:750,0
DA:751,0
DA:752,0
DA:754,0
DA:755,0
DA:756,0
DA:757,0
DA:758,0
DA:760,0
DA:761,0
DA:762,0
DA:763,0
DA:764,0
DA:767,0
DA:768,0
DA:771,0
DA:779,0
DA:780,0
DA:781,0
DA:782,0
DA:783,0
DA:785,0
DA:786,0
DA:787,0
DA:788,0
DA:790,0
DA:794,4
DA:795,38
DA:798,5
DA:799,86
DA:800,15
DA:803,8
DA:804,62
DA:805,32
DA:816,1
DA:817,62
DA:819,20
DA:820,41
DA:821,78
end_of_record

SF:/Users/dirtymic/guardian/peapods/peapods-fuzzing/test/invariant/PeapodsInvariant.sol
DA:6,105
DA:8,0
end_of_record

SF:/Users/dirtymic/guardian/peapods/peapods-fuzzing/test/invariant/handlers/PodHandler.sol
DA:10,105
DA:17,19
DA:21,8
DA:22,12
DA:23,17
DA:25,129
DA:27,13
DA:30,39
DA:31,50
DA:32,5
DA:34,1
DA:36,52
end_of_record

SF:/Users/dirtymic/guardian/peapods/peapods-fuzzing/test/invariant/helpers/BeforeAfter.sol
DA:6,0
end_of_record

SF:/Users/dirtymic/guardian/peapods/peapods-fuzzing/test/invariant/helpers/Properties.sol
DA:6,0
end_of_record

SF:/Users/dirtymic/guardian/peapods/peapods-fuzzing/test/invariant/mocks/MockERC20.sol
DA:8,67
DA:19,8
DA:20,0
DA:23,0
DA:24,0
DA:27,0
DA:28,0
DA:41,4
DA:42,0
DA:45,10
DA:46,12
DA:49,0
DA:50,0
DA:61,0
DA:72,0
DA:73,0
DA:75,0
DA:76,0
DA:77,0
DA:79,0
DA:80,0
DA:82,0
DA:89,24
DA:90,29
DA:92,13
DA:94,1
DA:97,0
DA:98,0
DA:99,0
DA:101,0
DA:106,14
DA:107,23
DA:109,5
DA:111,37
DA:112,32
DA:114,18
DA:116,2
DA:121,0
DA:122,0
DA:123,0
DA:126,0
DA:127,0
DA:134,0
DA:137,0
DA:138,0
DA:140,0
DA:141,0
DA:142,0
DA:144,0
DA:145,0
DA:146,0
DA:147,0
DA:150,0
DA:151,0
DA:152,0
DA:153,0
DA:164,0
DA:166,0
DA:168,0
DA:171,0
DA:172,0
DA:175,0
DA:176,0
DA:177,0
DA:178,0
DA:179,0
DA:180,0
DA:181,0
DA:182,0
DA:191,0
DA:192,0
DA:193,0
DA:195,0
DA:198,0
DA:199,0
DA:200,0
DA:202,0
DA:209,3
DA:210,8
DA:211,6
DA:215,4
DA:216,7
DA:217,7
DA:228,0
DA:231,0
DA:237,0
DA:238,0
DA:243,0
end_of_record

SF:/Users/dirtymic/guardian/peapods/peapods-fuzzing/test/invariant/mocks/MockIndexUtils.sol
DA:20,0
DA:23,0
DA:27,0
DA:29,0
DA:34,0
DA:35,0
DA:37,0
DA:39,0
DA:40,0
DA:42,0
DA:43,0
DA:44,0
DA:45,0
DA:46,0
DA:47,0
DA:48,0
DA:49,0
DA:50,0
DA:52,0
DA:53,0
DA:55,0
DA:56,0
DA:57,0
DA:60,0
DA:61,0
DA:62,0
DA:63,0
DA:68,0
DA:69,0
DA:73,0
DA:82,0
DA:83,0
DA:84,0
DA:85,0
DA:87,0
DA:88,0
DA:89,0
DA:90,0
DA:91,0
DA:92,0
DA:93,0
DA:94,0
DA:95,0
DA:100,0
DA:101,0
DA:102,0
DA:104,0
DA:105,0
DA:106,0
DA:109,0
DA:110,0
DA:111,0
DA:112,0
DA:113,0
DA:114,0
DA:117,0
DA:118,0
DA:120,0
DA:121,0
DA:122,0
DA:123,0
DA:124,0
DA:125,0
DA:130,0
DA:131,0
DA:133,0
DA:134,0
DA:139,0
DA:140,0
DA:141,0
DA:143,0
DA:147,0
DA:155,0
DA:156,0
DA:157,0
DA:158,0
DA:159,0
DA:160,0
DA:162,0
DA:163,0
DA:165,0
DA:166,0
DA:168,0
DA:169,0
DA:170,0
DA:172,0
DA:174,0
DA:175,0
DA:178,0
DA:179,0
DA:180,0
DA:181,0
DA:182,0
DA:183,0
DA:187,0
DA:188,0
DA:189,0
DA:191,0
DA:192,0
DA:193,0
DA:198,0
DA:199,0
DA:200,0
DA:206,0
DA:207,0
DA:208,0
DA:210,0
DA:212,0
DA:213,0
DA:216,0
DA:222,0
DA:223,0
DA:224,0
DA:225,0
DA:226,0
DA:227,0
DA:229,0
DA:231,0
DA:232,0
DA:234,0
DA:235,0
DA:236,0
DA:237,0
DA:238,0
DA:239,0
DA:240,0
DA:242,0
DA:243,0
DA:245,0
DA:246,0
DA:247,0
DA:250,0
DA:251,0
DA:253,0
DA:255,0
DA:260,0
DA:261,0
DA:262,0
DA:263,0
DA:267,0
DA:273,0
DA:274,0
DA:275,0
DA:276,0
DA:279,0
DA:281,0
DA:282,0
DA:283,0
DA:284,0
DA:285,0
DA:286,0
DA:287,0
DA:288,0
DA:289,0
DA:290,0
DA:291,0
DA:294,0
DA:297,0
DA:307,0
DA:308,0
DA:309,0
DA:311,0
DA:312,0
DA:313,0
DA:314,0
DA:316,0
DA:317,0
DA:318,0
DA:319,0
DA:320,0
DA:321,0
DA:322,0
DA:327,0
DA:329,0
DA:330,0
DA:331,0
DA:332,0
DA:333,0
DA:334,0
DA:337,0
DA:344,0
DA:345,0
DA:346,0
DA:350,0
DA:351,0
DA:353,0
DA:354,0
DA:355,0
DA:356,0
DA:358,0
DA:359,0
DA:366,0
DA:372,0
DA:373,0
DA:374,0
DA:376,0
DA:377,0
DA:378,0
DA:379,0
DA:380,0
DA:381,0
DA:382,0
DA:384,0
DA:387,0
DA:396,0
DA:397,0
DA:398,0
DA:399,0
DA:400,0
DA:401,0
DA:403,0
DA:405,0
DA:407,0
DA:411,0
DA:412,0
DA:413,0
DA:414,0
DA:416,0
DA:417,0
DA:418,0
DA:422,0
DA:423,0
DA:424,0
DA:426,0
DA:427,0
DA:428,0
DA:432,0
DA:433,0
DA:434,0
DA:435,0
DA:438,0
DA:439,0
DA:441,0
DA:442,0
DA:443,0
DA:448,0
DA:453,0
DA:454,0
DA:455,0
end_of_record

SF:/Users/dirtymic/guardian/peapods/peapods-fuzzing/test/invariant/mocks/MockUniV3Minter.sol
DA:21,0
DA:24,0
DA:25,0
DA:26,0
DA:27,0
DA:28,0
DA:29,0
DA:31,0
DA:32,0
DA:33,0
DA:34,0
DA:35,0
DA:36,0
DA:38,0
DA:47,0
DA:51,0
DA:52,0
DA:53,0
DA:55,0
DA:57,0
DA:58,0
DA:60,0
DA:61,0
DA:63,0
DA:64,0
end_of_record

SF:/Users/dirtymic/guardian/peapods/peapods-fuzzing/test/invariant/mocks/MockV3Aggregator.sol
DA:12,0
DA:13,0
DA:15,0
DA:16,0
DA:17,0
DA:18,0
DA:20,0
DA:21,0
DA:24,0
DA:25,0
DA:26,0
DA:29,0
DA:30,0
DA:31,0
DA:32,0
DA:33,0
DA:34,0
DA:35,0
DA:38,0
DA:39,0
DA:40,0
DA:41,0
DA:42,0
DA:43,0
DA:44,0
DA:47,0
DA:49,0
DA:51,0
DA:54,0
DA:56,0
DA:59,0
DA:60,0
DA:61,0
DA:62,0
DA:67,0
DA:68,0
end_of_record

SF:/Users/dirtymic/guardian/peapods/peapods-fuzzing/test/invariant/mocks/MockZapper.sol
DA:20,0
DA:23,0
DA:24,0
DA:25,0
DA:32,0
DA:34,0
DA:35,0
DA:38,0
DA:40,0
DA:44,0
DA:45,0
DA:46,0
DA:47,0
DA:48,0
DA:49,0
DA:51,0
DA:82,0
DA:87,0
DA:88,0
DA:89,0
DA:90,0
DA:91,0
DA:92,0
DA:96,0
DA:97,0
DA:98,0
DA:99,0
DA:102,0
DA:103,0
DA:104,0
DA:105,0
DA:106,0
DA:107,0
DA:109,0
DA:111,0
DA:112,0
DA:113,0
DA:114,0
DA:115,0
DA:116,0
DA:117,0
DA:118,0
DA:120,0
DA:121,0
DA:122,0
DA:123,0
DA:124,0
DA:125,0
DA:127,0
DA:129,0
DA:130,0
DA:131,0
DA:132,0
DA:133,0
DA:134,0
DA:135,0
DA:136,0
DA:138,0
DA:141,0
DA:142,0
DA:143,0
DA:144,0
DA:145,0
DA:146,0
DA:147,0
DA:148,0
DA:149,0
DA:150,0
DA:153,0
DA:154,0
DA:155,0
DA:156,0
DA:157,0
DA:158,0
DA:163,0
DA:164,0
DA:166,0
DA:167,0
DA:168,0
DA:169,0
DA:172,0
DA:173,0
DA:176,0
DA:177,0
DA:178,0
DA:179,0
DA:182,0
DA:188,0
DA:189,0
DA:190,0
DA:191,0
DA:194,0
DA:196,0
DA:198,0
DA:199,0
DA:200,0
DA:202,0
DA:203,0
DA:204,0
DA:207,0
DA:208,0
DA:209,0
DA:210,0
DA:211,0
DA:212,0
DA:213,0
DA:214,0
DA:215,0
DA:217,0
DA:220,0
DA:228,0
DA:229,0
DA:230,0
DA:231,0
DA:232,0
DA:233,0
DA:235,0
DA:236,0
DA:241,0
DA:244,0
DA:248,0
DA:249,0
DA:250,0
DA:251,0
DA:252,0
DA:253,0
DA:254,0
DA:257,0
DA:259,0
DA:262,0
DA:268,0
DA:269,0
DA:270,0
DA:271,0
DA:274,0
DA:279,0
DA:283,0
DA:287,0
DA:288,0
DA:290,0
DA:291,0
DA:292,0
DA:293,0
DA:295,0
DA:296,0
DA:297,0
DA:302,0
DA:306,0
DA:307,0
DA:308,0
DA:309,0
DA:311,0
DA:313,0
DA:317,0
DA:320,0
DA:321,0
DA:323,0
DA:324,0
DA:325,0
DA:326,0
DA:327,0
DA:329,0
DA:330,0
DA:332,0
DA:333,0
DA:337,0
DA:338,0
DA:341,0
DA:342,0
DA:343,0
DA:346,0
DA:347,0
DA:348,0
DA:351,0
DA:356,0
DA:359,0
DA:363,0
DA:366,0
DA:367,0
DA:368,0
DA:371,0
DA:372,0
DA:373,0
end_of_record

SF:/Users/dirtymic/guardian/peapods/peapods-fuzzing/test/invariant/mocks/WETH.sol
DA:22,48
DA:23,8
DA:24,0
DA:25,0
DA:32,27
DA:33,0
DA:36,0
DA:39,0
DA:40,0
DA:41,0
DA:44,0
DA:45,0
DA:46,0
DA:47,0
DA:48,0
DA:51,4
DA:52,0
DA:55,30
DA:56,29
DA:57,13
DA:58,1
DA:61,2
DA:62,2
DA:65,23
DA:69,1
DA:70,20
DA:72,4
DA:73,36
DA:75,0
DA:76,0
DA:79,27
DA:80,31
DA:82,18
DA:84,1
end_of_record

SF:/Users/dirtymic/guardian/peapods/peapods-fuzzing/test/invariant/mocks/interfaces/IERC20.sol
end_of_record

SF:/Users/dirtymic/guardian/peapods/peapods-fuzzing/test/invariant/modules/fraxlend/FraxlendPair.sol
DA:44,0
DA:52,0
DA:56,0
DA:62,0
DA:63,0
DA:66,0
DA:67,0
DA:70,0
DA:71,0
DA:75,0
DA:76,0
DA:83,0
DA:84,0
DA:87,0
DA:116,0
DA:118,0
DA:119,0
DA:120,0
DA:121,0
DA:130,0
DA:134,0
DA:135,0
DA:136,0
DA:137,0
DA:138,0
DA:141,0
DA:142,0
DA:143,0
DA:144,0
DA:145,0
DA:146,0
DA:154,0
DA:158,0
DA:159,0
DA:160,0
DA:161,0
DA:163,0
DA:172,0
DA:176,0
DA:177,0
DA:178,0
DA:179,0
DA:181,0
DA:190,0
DA:194,0
DA:195,0
DA:196,0
DA:197,0
DA:199,0
DA:208,0
DA:212,0
DA:213,0
DA:214,0
DA:215,0
DA:217,0
DA:221,0
DA:222,0
DA:225,0
DA:226,0
DA:229,0
DA:230,0
DA:233,0
DA:234,0
DA:235,0
DA:238,0
DA:239,0
DA:240,0
DA:243,0
DA:244,0
DA:245,0
DA:246,0
DA:249,0
DA:250,0
DA:251,0
DA:254,0
DA:256,0
DA:257,0
DA:258,0
DA:260,0
DA:263,0
DA:264,0
DA:265,0
DA:268,0
DA:269,0
DA:270,0
DA:273,0
DA:275,0
DA:276,0
DA:277,0
DA:280,0
DA:281,0
DA:284,0
DA:292,0
DA:298,0
DA:299,0
DA:300,0
DA:301,0
DA:319,0
DA:320,0
DA:321,0
DA:322,0
DA:323,0
DA:326,0
DA:327,0
DA:329,0
DA:330,0
DA:331,0
DA:334,0
DA:340,0
DA:341,0
DA:342,0
DA:343,0
DA:353,0
DA:354,0
DA:355,0
DA:356,0
DA:357,0
DA:360,0
DA:366,0
DA:367,0
DA:368,0
DA:369,0
DA:379,0
DA:380,0
DA:381,0
DA:382,0
DA:383,0
DA:386,0
DA:392,0
DA:393,0
DA:394,0
DA:395,0
DA:417,0
DA:422,0
DA:423,0
DA:424,0
DA:425,0
DA:426,0
DA:427,0
DA:432,0
DA:433,0
DA:434,0
DA:443,0
DA:444,0
DA:445,0
DA:446,0
DA:447,0
DA:449,0
DA:450,0
DA:451,0
DA:464,0
DA:465,0
DA:468,0
DA:471,0
DA:474,0
DA:476,0
DA:477,0
DA:478,0
DA:479,0
DA:480,0
DA:492,0
DA:493,0
DA:494,0
DA:502,0
DA:503,0
DA:504,0
DA:505,0
DA:506,0
DA:507,0
DA:508,0
DA:509,0
DA:510,0
DA:511,0
DA:516,0
DA:517,0
DA:518,0
DA:519,0
DA:520,0
DA:521,0
DA:522,0
DA:523,0
DA:524,0
DA:525,0
DA:530,0
DA:531,0
DA:532,0
DA:533,0
DA:538,0
DA:539,0
DA:540,0
DA:541,0
DA:546,0
DA:547,0
DA:548,0
DA:552,0
DA:553,0
DA:554,0
DA:555,0
DA:560,0
DA:561,0
DA:562,0
DA:563,0
DA:568,0
DA:569,0
DA:570,0
DA:575,0
DA:576,0
DA:577,0
DA:579,0
DA:581,0
DA:582,0
DA:586,0
DA:587,0
DA:588,0
DA:593,0
DA:594,0
DA:595,0
DA:597,0
DA:599,0
DA:600,0
DA:604,0
DA:605,0
DA:606,0
DA:611,0
DA:612,0
DA:613,0
DA:615,0
DA:617,0
DA:618,0
DA:622,0
DA:623,0
DA:624,0
DA:629,0
DA:630,0
DA:631,0
DA:633,0
DA:635,0
DA:637,0
DA:638,0
DA:642,0
DA:643,0
DA:644,0
end_of_record

SF:/Users/dirtymic/guardian/peapods/peapods-fuzzing/test/invariant/modules/fraxlend/FraxlendPairAccessControl.sol
DA:34,0
DA:37,0
DA:40,0
DA:43,0
DA:44,0
DA:46,0
DA:47,0
DA:49,0
DA:50,0
DA:52,0
DA:53,0
DA:55,0
DA:56,0
DA:58,0
DA:59,0
DA:64,0
DA:65,0
DA:68,0
DA:69,0
DA:72,0
DA:73,0
DA:80,0
DA:81,0
DA:82,0
DA:83,0
DA:84,0
DA:85,0
DA:87,0
DA:91,0
DA:92,0
DA:93,0
DA:101,0
DA:102,0
DA:103,0
DA:104,0
DA:111,0
DA:112,0
DA:113,0
DA:120,0
DA:121,0
DA:122,0
DA:123,0
DA:130,0
DA:131,0
DA:132,0
DA:138,0
DA:139,0
DA:140,0
DA:147,0
DA:148,0
DA:149,0
DA:155,0
DA:156,0
DA:157,0
DA:164,0
DA:165,0
DA:166,0
DA:172,0
DA:173,0
DA:174,0
DA:181,0
DA:182,0
DA:183,0
DA:189,0
DA:190,0
DA:191,0
DA:198,0
DA:199,0
DA:200,0
DA:206,0
DA:207,0
DA:208,0
DA:209,0
DA:212,0
DA:213,0
DA:214,0
DA:224,0
DA:225,0
DA:226,0
DA:227,0
DA:232,0
DA:233,0
DA:234,0
end_of_record

SF:/Users/dirtymic/guardian/peapods/peapods-fuzzing/test/invariant/modules/fraxlend/FraxlendPairAccessControlErrors.sol
end_of_record

SF:/Users/dirtymic/guardian/peapods/peapods-fuzzing/test/invariant/modules/fraxlend/FraxlendPairConstants.sol
DA:37,0
DA:38,0
DA:39,0
DA:40,0
DA:41,0
DA:42,0
DA:43,0
DA:46,0
end_of_record

SF:/Users/dirtymic/guardian/peapods/peapods-fuzzing/test/invariant/modules/fraxlend/FraxlendPairCore.sol
DA:48,0
DA:49,0
DA:60,0
DA:65,0
DA:70,0
DA:73,0
DA:76,0
DA:79,0
DA:82,0
DA:95,0
DA:107,0
DA:118,0
DA:119,0
DA:120,0
DA:124,0
DA:126,0
DA:138,0
DA:144,0
DA:145,0
DA:146,0
DA:147,0
DA:148,0
DA:149,0
DA:150,0
DA:151,0
DA:152,0
DA:153,0
DA:154,0
DA:155,0
DA:160,0
DA:161,0
DA:163,0
DA:164,0
DA:165,0
DA:166,0
DA:168,0
DA:169,0
DA:171,0
DA:174,0
DA:175,0
DA:176,0
DA:179,0
DA:182,0
DA:183,0
DA:189,0
DA:190,0
DA:191,0
DA:194,0
DA:196,0
DA:208,0
DA:212,0
DA:213,0
DA:214,0
DA:216,0
DA:223,0
DA:224,0
DA:225,0
DA:226,0
DA:227,0
DA:228,0
DA:230,0
DA:231,0
DA:240,0
DA:242,0
DA:244,0
DA:245,0
DA:246,0
DA:247,0
DA:248,0
DA:283,0
DA:289,0
DA:297,0
DA:298,0
DA:299,0
DA:300,0
DA:311,0
DA:315,0
DA:322,0
DA:323,0
DA:325,0
DA:327,0
DA:328,0
DA:329,0
DA:330,0
DA:332,0
DA:333,0
DA:335,0
DA:336,0
DA:338,0
DA:339,0
DA:357,0
DA:359,0
DA:361,0
DA:363,0
DA:366,0
DA:367,0
DA:370,0
DA:373,0
DA:376,0
DA:377,0
DA:378,0
DA:381,0
DA:384,0
DA:388,0
DA:391,0
DA:392,0
DA:393,0
DA:394,0
DA:397,0
DA:398,0
DA:399,0
DA:400,0
DA:401,0
DA:404,0
DA:405,0
DA:406,0
DA:410,0
DA:423,0
DA:426,0
DA:427,0
DA:428,0
DA:429,0
DA:430,0
DA:432,0
DA:434,0
DA:437,0
DA:440,0
DA:441,0
DA:442,0
DA:443,0
DA:444,0
DA:447,0
DA:448,0
DA:449,0
DA:450,0
DA:451,0
DA:453,0
DA:456,0
DA:457,0
DA:458,0
DA:459,0
DA:462,0
DA:463,0
DA:464,0
DA:465,0
DA:487,0
DA:490,0
DA:492,0
DA:501,0
DA:504,0
DA:506,0
DA:509,0
DA:511,0
DA:512,0
DA:515,0
DA:518,0
DA:519,0
DA:520,0
DA:521,0
DA:522,0
DA:525,0
DA:526,0
DA:529,0
DA:530,0
DA:531,0
DA:532,0
DA:533,0
DA:555,0
DA:557,0
DA:558,0
DA:561,0
DA:562,0
DA:565,0
DA:566,0
DA:568,0
DA:571,0
DA:572,0
DA:573,0
DA:581,0
DA:582,0
DA:585,0
DA:588,0
DA:591,0
DA:594,0
DA:597,0
DA:603,0
DA:605,0
DA:608,0
DA:611,0
DA:614,0
DA:617,0
DA:620,0
DA:626,0
DA:628,0
DA:631,0
DA:634,0
DA:638,0
DA:641,0
DA:642,0
DA:650,0
DA:651,0
DA:654,0
DA:657,0
DA:660,0
DA:663,0
DA:666,0
DA:690,0
DA:697,0
DA:699,0
DA:700,0
DA:702,0
DA:706,0
DA:707,0
DA:708,0
DA:712,0
DA:713,0
DA:714,0
DA:715,0
DA:716,0
DA:719,0
DA:724,0
DA:725,0
DA:728,0
DA:729,0
DA:732,0
DA:733,0
DA:736,0
DA:737,0
DA:738,0
DA:746,0
DA:750,0
DA:751,0
DA:754,0
DA:757,0
DA:760,0
DA:763,0
DA:766,0
DA:772,0
DA:773,0
DA:774,0
DA:782,0
DA:786,0
DA:787,0
DA:790,0
DA:793,0
DA:796,0
DA:799,0
DA:802,0
DA:825,0
DA:827,0
DA:830,0
DA:831,0
DA:832,0
DA:834,0
DA:835,0
DA:836,0
DA:837,0
DA:841,0
DA:844,0
DA:845,0
DA:849,0
DA:850,0
DA:853,0
DA:854,0
DA:856,0
DA:865,0
DA:869,0
DA:870,0
DA:873,0
DA:876,0
DA:879,0
DA:880,0
DA:883,0
DA:884,0
DA:888,0
DA:901,0
DA:903,0
DA:904,0
DA:907,0
DA:908,0
DA:910,0
DA:917,0
DA:918,0
DA:920,0
DA:921,0
DA:939,0
DA:942,0
DA:944,0
DA:947,0
DA:948,0
DA:950,0
DA:957,0
DA:960,0
DA:961,0
DA:963,0
DA:965,0
DA:966,0
DA:967,0
DA:969,0
DA:986,0
DA:992,0
DA:994,0
DA:995,0
DA:998,0
DA:999,0
DA:1002,0
DA:1003,0
DA:1005,0
DA:1006,0
DA:1007,0
DA:1008,0
DA:1009,0
DA:1011,0
DA:1019,0
DA:1020,0
DA:1023,0
DA:1026,0
DA:1029,0
DA:1030,0
DA:1033,0
DA:1060,0
DA:1064,0
DA:1065,0
DA:1068,0
DA:1071,0
DA:1074,0
DA:1077,0
DA:1080,0
DA:1081,0
DA:1085,0
DA:1086,0
DA:1087,0
DA:1090,0
DA:1095,0
DA:1096,0
DA:1100,0
DA:1101,0
DA:1105,0
DA:1109,0
DA:1110,0
DA:1111,0
DA:1113,0
DA:1114,0
DA:1115,0
DA:1120,0
DA:1123,0
DA:1124,0
DA:1125,0
DA:1126,0
DA:1128,0
DA:1129,0
DA:1131,0
DA:1134,0
DA:1137,0
DA:1140,0
DA:1141,0
DA:1142,0
DA:1143,0
DA:1144,0
DA:1145,0
DA:1146,0
DA:1147,0
DA:1153,0
DA:1154,0
DA:1155,0
DA:1156,0
DA:1157,0
DA:1158,0
DA:1163,0
DA:1165,0
DA:1167,0
DA:1198,0
DA:1204,0
DA:1206,0
DA:1210,0
DA:1211,0
DA:1214,0
DA:1215,0
DA:1217,0
DA:1218,0
DA:1220,0
DA:1221,0
DA:1223,0
DA:1224,0
DA:1228,0
DA:1229,0
DA:1234,0
DA:1237,0
DA:1240,0
DA:1241,0
DA:1242,0
DA:1243,0
DA:1244,0
DA:1245,0
DA:1246,0
DA:1248,0
DA:1252,0
DA:1253,0
DA:1254,0
DA:1258,0
DA:1260,0
DA:1261,0
DA:1262,0
DA:1263,0
DA:1264,0
DA:1265,0
DA:1266,0
DA:1267,0
DA:1291,0
DA:1296,0
DA:1298,0
DA:1301,0
DA:1302,0
DA:1304,0
DA:1305,0
DA:1307,0
DA:1308,0
DA:1310,0
DA:1311,0
DA:1313,0
DA:1314,0
DA:1319,0
DA:1322,0
DA:1325,0
DA:1326,0
DA:1327,0
DA:1328,0
DA:1329,0
DA:1330,0
DA:1331,0
DA:1333,0
DA:1337,0
DA:1338,0
DA:1339,0
DA:1342,0
DA:1343,0
DA:1347,0
DA:1349,0
end_of_record

SF:/Users/dirtymic/guardian/peapods/peapods-fuzzing/test/invariant/modules/fraxlend/FraxlendPairDeployer.sol
DA:52,0
DA:57,0
DA:58,0
DA:61,0
DA:62,0
DA:63,0
DA:64,0
DA:65,0
DA:68,0
DA:90,0
DA:92,0
DA:93,0
DA:94,0
DA:95,0
DA:96,0
DA:97,0
DA:100,0
DA:101,0
DA:110,0
DA:111,0
DA:116,0
DA:117,0
DA:120,0
DA:123,0
DA:124,0
DA:125,0
DA:126,0
DA:128,0
DA:130,0
DA:133,0
DA:136,0
DA:137,0
DA:139,0
DA:141,0
DA:144,0
DA:156,0
DA:157,0
DA:158,0
DA:159,0
DA:160,0
DA:161,0
DA:167,0
DA:168,0
DA:178,0
DA:179,0
DA:180,0
DA:190,0
DA:191,0
DA:192,0
DA:202,0
DA:203,0
DA:204,0
DA:214,0
DA:215,0
DA:216,0
DA:226,0
DA:227,0
DA:228,0
DA:240,0
DA:244,0
DA:246,0
DA:247,0
DA:249,0
DA:251,0
DA:252,0
DA:253,0
DA:256,0
DA:258,0
DA:262,0
DA:264,0
DA:266,0
DA:270,0
DA:271,0
DA:272,0
DA:275,0
DA:287,0
DA:288,0
DA:289,0
DA:292,0
DA:293,0
DA:297,0
DA:299,0
DA:300,0
DA:302,0
DA:303,0
DA:305,0
DA:307,0
DA:318,0
DA:319,0
DA:321,0
DA:322,0
DA:323,0
DA:324,0
DA:325,0
DA:326,0
DA:327,0
DA:330,0
end_of_record

SF:/Users/dirtymic/guardian/peapods/peapods-fuzzing/test/invariant/modules/fraxlend/FraxlendPairRegistry.sol
DA:28,0
DA:30,0
DA:33,0
DA:36,0
DA:38,0
DA:39,0
DA:40,0
DA:42,0
DA:51,0
DA:52,0
DA:57,0
DA:58,0
DA:73,0
DA:74,0
DA:75,0
DA:76,0
DA:90,0
DA:92,0
DA:95,0
DA:98,0
DA:99,0
DA:100,0
DA:102,0
end_of_record

SF:/Users/dirtymic/guardian/peapods/peapods-fuzzing/test/invariant/modules/fraxlend/FraxlendWhitelist.sol
DA:30,0
DA:32,0
DA:34,0
DA:44,0
DA:45,0
DA:46,0
DA:47,0
end_of_record

SF:/Users/dirtymic/guardian/peapods/peapods-fuzzing/test/invariant/modules/fraxlend/Timelock2Step.sol
DA:30,0
DA:33,0
DA:36,0
DA:62,0
DA:63,0
DA:73,0
DA:74,0
DA:80,0
DA:81,0
DA:82,0
DA:87,0
DA:88,0
DA:89,0
DA:95,0
DA:96,0
DA:97,0
DA:103,0
DA:104,0
DA:105,0
DA:110,0
DA:111,0
DA:112,0
DA:117,0
DA:118,0
DA:119,0
DA:120,0
DA:121,0
end_of_record

SF:/Users/dirtymic/guardian/peapods/peapods-fuzzing/test/invariant/modules/fraxlend/VariableInterestRate.sol
DA:30,0
DA:34,0
DA:38,0
DA:40,0
DA:42,0
DA:44,0
DA:48,0
DA:50,0
DA:52,0
DA:54,0
DA:56,0
DA:58,0
DA:70,0
DA:81,0
DA:82,0
DA:83,0
DA:84,0
DA:85,0
DA:86,0
DA:87,0
DA:88,0
DA:89,0
DA:94,0
DA:95,0
DA:103,0
DA:104,0
DA:115,0
DA:119,0
DA:120,0
DA:122,0
DA:124,0
DA:126,0
DA:127,0
DA:129,0
DA:131,0
DA:133,0
DA:135,0
DA:137,0
DA:138,0
DA:139,0
DA:140,0
DA:150,0
DA:154,0
DA:155,0
DA:158,0
DA:159,0
DA:160,0
DA:166,0
DA:167,0
DA:175,0
DA:176,0
DA:177,0
DA:178,0
end_of_record

SF:/Users/dirtymic/guardian/peapods/peapods-fuzzing/test/invariant/modules/fraxlend/interfaces/IDualOracle.sol
end_of_record

SF:/Users/dirtymic/guardian/peapods/peapods-fuzzing/test/invariant/modules/fraxlend/interfaces/IERC4626Extended.sol
end_of_record

SF:/Users/dirtymic/guardian/peapods/peapods-fuzzing/test/invariant/modules/fraxlend/interfaces/IFraxlendPair.sol
end_of_record

SF:/Users/dirtymic/guardian/peapods/peapods-fuzzing/test/invariant/modules/fraxlend/interfaces/IFraxlendPairRegistry.sol
end_of_record

SF:/Users/dirtymic/guardian/peapods/peapods-fuzzing/test/invariant/modules/fraxlend/interfaces/IFraxlendWhitelist.sol
end_of_record

SF:/Users/dirtymic/guardian/peapods/peapods-fuzzing/test/invariant/modules/fraxlend/interfaces/IRateCalculatorV2.sol
end_of_record

SF:/Users/dirtymic/guardian/peapods/peapods-fuzzing/test/invariant/modules/fraxlend/interfaces/ISwapper.sol
end_of_record

SF:/Users/dirtymic/guardian/peapods/peapods-fuzzing/test/invariant/modules/fraxlend/libraries/BytesLib.sol
DA:12,0
DA:13,0
DA:19,0
DA:21,0
DA:26,0
DA:30,0
DA:31,0
DA:36,0
DA:39,0
DA:41,0
DA:44,0
DA:45,0
DA:47,0
DA:48,0
DA:52,0
DA:58,0
DA:59,0
DA:63,0
DA:66,0
DA:68,0
DA:69,0
DA:70,0
DA:71,0
DA:72,0
DA:74,0
DA:82,0
DA:83,0
DA:84,0
DA:88,0
DA:228,0
DA:235,0
DA:237,0
DA:238,0
DA:240,0
DA:243,0
DA:244,0
DA:247,0
DA:257,0
DA:263,0
DA:264,0
DA:266,0
DA:269,0
DA:270,0
DA:271,0
DA:272,0
DA:274,0
DA:277,0
DA:281,0
DA:285,0
DA:288,0
DA:290,0
DA:294,0
end_of_record

SF:/Users/dirtymic/guardian/peapods/peapods-fuzzing/test/invariant/modules/fraxlend/libraries/SafeERC20.sol
DA:13,0
DA:18,0
DA:19,0
DA:20,0
DA:21,0
DA:22,0
DA:23,0
DA:24,0
DA:26,0
DA:27,0
DA:28,0
DA:30,0
DA:32,0
DA:39,0
DA:40,0
DA:41,0
DA:47,0
DA:48,0
DA:55,0
DA:56,0
DA:57,0
DA:60,0
DA:61,0
DA:64,0
DA:65,0
end_of_record

SF:/Users/dirtymic/guardian/peapods/peapods-fuzzing/test/invariant/modules/fraxlend/libraries/VaultAccount.sol
DA:15,0
DA:16,0
DA:17,0
DA:18,0
DA:20,0
DA:25,0
DA:26,0
DA:27,0
DA:29,0
DA:30,0
DA:31,0
DA:38,0
DA:39,0
DA:40,0
DA:42,0
DA:43,0
end_of_record

SF:/Users/dirtymic/guardian/peapods/peapods-fuzzing/test/invariant/modules/uniswap-v2/libraries/TransferHelper.sol
DA:6,0
DA:15,0
DA:17,0
DA:18,0
DA:19,0
DA:23,0
DA:25,0
DA:26,0
DA:27,0
DA:32,0
DA:33,0
DA:34,0
end_of_record

SF:/Users/dirtymic/guardian/peapods/peapods-fuzzing/test/invariant/modules/uniswap-v2/v2-core/contracts/UniswapV2ERC20.sol
DA:6,0
DA:9,0
DA:10,0
DA:11,0
DA:12,0
DA:13,0
DA:14,0
DA:16,0
DA:18,0
DA:19,0
DA:24,0
DA:26,0
DA:27,0
DA:28,0
DA:29,0
DA:30,0
DA:32,0
DA:37,0
DA:38,0
DA:39,0
DA:40,0
DA:43,0
DA:44,0
DA:45,0
DA:46,0
DA:49,0
DA:50,0
DA:51,0
DA:54,0
DA:55,0
DA:56,0
DA:57,0
DA:60,0
DA:61,0
DA:62,0
DA:65,0
DA:66,0
DA:70,0
DA:71,0
DA:72,0
DA:74,0
DA:75,0
DA:78,0
DA:80,0
DA:81,0
DA:82,0
DA:83,0
DA:85,0
DA:86,0
DA:89,0
DA:90,0
DA:91,0
end_of_record

SF:/Users/dirtymic/guardian/peapods/peapods-fuzzing/test/invariant/modules/uniswap-v2/v2-core/contracts/UniswapV2Factory.sol
DA:6,0
DA:7,0
DA:8,0
DA:10,0
DA:11,0
DA:15,0
DA:16,0
DA:19,0
DA:20,0
DA:23,0
DA:24,0
DA:25,0
DA:26,0
DA:27,0
DA:29,0
DA:30,0
DA:32,0
DA:35,0
DA:36,0
DA:37,0
DA:38,0
DA:40,0
DA:43,0
DA:44,0
DA:45,0
DA:48,0
DA:49,0
DA:50,0
end_of_record

SF:/Users/dirtymic/guardian/peapods/peapods-fuzzing/test/invariant/modules/uniswap-v2/v2-core/contracts/UniswapV2Pair.sol
DA:11,0
DA:15,0
DA:16,0
DA:18,0
DA:19,0
DA:20,0
DA:22,0
DA:23,0
DA:24,0
DA:26,0
DA:27,0
DA:28,0
DA:30,0
DA:33,0
DA:34,0
DA:36,0
DA:39,0
DA:40,0
DA:41,0
DA:42,0
DA:45,0
DA:46,0
DA:47,0
DA:62,0
DA:63,0
DA:67,0
DA:68,0
DA:69,0
DA:70,0
DA:74,0
DA:75,0
DA:76,0
DA:77,0
DA:78,0
DA:80,0
DA:81,0
DA:83,0
DA:84,0
DA:85,0
DA:86,0
DA:90,0
DA:91,0
DA:92,0
DA:93,0
DA:94,0
DA:95,0
DA:96,0
DA:97,0
DA:98,0
DA:99,0
DA:100,0
DA:101,0
DA:102,0
DA:105,0
DA:106,0
DA:111,0
DA:112,0
DA:113,0
DA:114,0
DA:115,0
DA:116,0
DA:118,0
DA:119,0
DA:120,0
DA:121,0
DA:122,0
DA:124,0
DA:126,0
DA:127,0
DA:129,0
DA:130,0
DA:131,0
DA:135,0
DA:136,0
DA:137,0
DA:138,0
DA:139,0
DA:140,0
DA:141,0
DA:143,0
DA:144,0
DA:145,0
DA:146,0
DA:147,0
DA:148,0
DA:149,0
DA:150,0
DA:151,0
DA:152,0
DA:154,0
DA:155,0
DA:156,0
DA:160,0
DA:161,0
DA:162,0
DA:163,0
DA:165,0
DA:167,0
DA:169,0
DA:170,0
DA:171,0
DA:172,0
DA:173,0
DA:174,0
DA:175,0
DA:176,0
DA:178,0
DA:179,0
DA:180,0
DA:181,0
DA:183,0
DA:184,0
DA:185,0
DA:186,0
DA:191,0
DA:192,0
DA:196,0
DA:197,0
DA:198,0
DA:199,0
DA:200,0
DA:204,0
DA:205,0
end_of_record

SF:/Users/dirtymic/guardian/peapods/peapods-fuzzing/test/invariant/modules/uniswap-v2/v2-core/contracts/interfaces/IERC20.sol
end_of_record

SF:/Users/dirtymic/guardian/peapods/peapods-fuzzing/test/invariant/modules/uniswap-v2/v2-core/contracts/interfaces/IUniswapV2Callee.sol
end_of_record

SF:/Users/dirtymic/guardian/peapods/peapods-fuzzing/test/invariant/modules/uniswap-v2/v2-core/contracts/interfaces/IUniswapV2ERC20.sol
end_of_record

SF:/Users/dirtymic/guardian/peapods/peapods-fuzzing/test/invariant/modules/uniswap-v2/v2-core/contracts/interfaces/IUniswapV2Factory.sol
end_of_record

SF:/Users/dirtymic/guardian/peapods/peapods-fuzzing/test/invariant/modules/uniswap-v2/v2-core/contracts/interfaces/IUniswapV2Pair.sol
end_of_record

SF:/Users/dirtymic/guardian/peapods/peapods-fuzzing/test/invariant/modules/uniswap-v2/v2-core/contracts/libraries/Math.sol
DA:5,0
DA:6,0
DA:7,0
DA:11,0
DA:12,0
DA:13,0
DA:14,0
DA:15,0
DA:16,0
DA:17,0
DA:19,0
DA:20,0
end_of_record

SF:/Users/dirtymic/guardian/peapods/peapods-fuzzing/test/invariant/modules/uniswap-v2/v2-core/contracts/libraries/SafeMath.sol
DA:5,0
DA:6,0
DA:7,0
DA:10,0
DA:11,0
DA:14,0
DA:15,0
end_of_record

SF:/Users/dirtymic/guardian/peapods/peapods-fuzzing/test/invariant/modules/uniswap-v2/v2-core/contracts/libraries/UQ112x112.sol
DA:8,0
DA:12,0
DA:13,0
DA:17,0
DA:18,0
end_of_record

SF:/Users/dirtymic/guardian/peapods/peapods-fuzzing/test/invariant/modules/uniswap-v2/v2-periphery/contracts/UniswapV2Router02.sol
DA:10,0
DA:13,0
DA:14,0
DA:17,0
DA:21,0
DA:22,0
DA:23,0
DA:27,0
DA:31,0
DA:38,0
DA:40,0
DA:41,0
DA:43,0
DA:44,0
DA:45,0
DA:46,0
DA:47,0
DA:48,0
DA:49,0
DA:50,0
DA:52,0
DA:53,0
DA:54,0
DA:55,0
DA:62,0
DA:71,0
DA:72,0
DA:73,0
DA:74,0
DA:75,0
DA:76,0
DA:77,0
DA:80,0
DA:92,0
DA:93,0
DA:94,0
DA:95,0
DA:96,0
DA:97,0
DA:98,0
DA:99,0
DA:100,0
DA:101,0
DA:103,0
DA:107,0
DA:115,0
DA:116,0
DA:117,0
DA:118,0
DA:119,0
DA:120,0
DA:121,0
DA:122,0
DA:125,0
DA:132,0
DA:133,0
DA:134,0
DA:135,0
DA:136,0
DA:137,0
DA:140,0
DA:152,0
DA:153,0
DA:154,0
DA:155,0
DA:156,0
DA:159,0
DA:170,0
DA:171,0
DA:172,0
DA:173,0
DA:174,0
DA:178,0
DA:185,0
DA:186,0
DA:187,0
DA:188,0
DA:189,0
DA:192,0
DA:203,0
DA:204,0
DA:205,0
DA:206,0
DA:207,0
DA:208,0
DA:214,0
DA:215,0
DA:216,0
DA:217,0
DA:218,0
DA:219,0
DA:220,0
DA:221,0
DA:222,0
DA:223,0
DA:228,0
DA:234,0
DA:235,0
DA:236,0
DA:237,0
DA:238,0
DA:240,0
DA:243,0
DA:249,0
DA:250,0
DA:251,0
DA:258,0
DA:263,0
DA:264,0
DA:266,0
DA:267,0
DA:268,0
DA:269,0
DA:270,0
DA:271,0
DA:274,0
DA:280,0
DA:281,0
DA:282,0
DA:283,0
DA:292,0
DA:298,0
DA:299,0
DA:300,0
DA:301,0
DA:302,0
DA:303,0
DA:305,0
DA:306,0
DA:307,0
DA:310,0
DA:315,0
DA:316,0
DA:318,0
DA:319,0
DA:320,0
DA:321,0
DA:322,0
DA:323,0
DA:325,0
DA:330,0
DA:331,0
DA:332,0
DA:333,0
DA:334,0
DA:335,0
DA:336,0
DA:337,0
DA:339,0
DA:340,0
DA:341,0
DA:342,0
DA:343,0
DA:345,0
DA:346,0
DA:347,0
DA:348,0
DA:352,0
DA:358,0
DA:359,0
DA:360,0
DA:362,0
DA:363,0
DA:364,0
DA:365,0
DA:370,0
DA:375,0
DA:376,0
DA:377,0
DA:378,0
DA:379,0
DA:380,0
DA:381,0
DA:383,0
DA:388,0
DA:394,0
DA:395,0
DA:396,0
DA:397,0
DA:399,0
DA:400,0
DA:401,0
DA:402,0
DA:403,0
DA:407,0
DA:412,0
DA:414,0
DA:417,0
DA:422,0
DA:424,0
DA:427,0
DA:432,0
DA:434,0
DA:437,0
DA:441,0
DA:443,0
DA:446,0
DA:450,0
DA:452,0
end_of_record

SF:/Users/dirtymic/guardian/peapods/peapods-fuzzing/test/invariant/modules/uniswap-v2/v2-periphery/contracts/interfaces/IUniswapV2Router01.sol
end_of_record

SF:/Users/dirtymic/guardian/peapods/peapods-fuzzing/test/invariant/modules/uniswap-v2/v2-periphery/contracts/interfaces/IUniswapV2Router02.sol
end_of_record

SF:/Users/dirtymic/guardian/peapods/peapods-fuzzing/test/invariant/modules/uniswap-v2/v2-periphery/contracts/interfaces/IWETH.sol
end_of_record

SF:/Users/dirtymic/guardian/peapods/peapods-fuzzing/test/invariant/modules/uniswap-v2/v2-periphery/contracts/libraries/UniswapV2Library.sol
DA:6,0
DA:10,0
DA:11,0
DA:12,0
DA:13,0
DA:17,0
DA:18,0
DA:19,0
DA:25,0
DA:28,0
DA:30,0
DA:31,0
DA:32,0
DA:36,0
DA:37,0
DA:38,0
DA:39,0
DA:43,0
DA:46,0
DA:48,0
DA:49,0
DA:50,0
DA:51,0
DA:52,0
DA:53,0
DA:57,0
DA:60,0
DA:62,0
DA:63,0
DA:64,0
DA:65,0
DA:66,0
DA:70,0
DA:72,0
DA:74,0
DA:75,0
DA:76,0
DA:77,0
DA:78,0
DA:79,0
DA:84,0
DA:86,0
DA:88,0
DA:89,0
DA:90,0
DA:91,0
DA:92,0
DA:93,0
end_of_record

SF:/Users/dirtymic/guardian/peapods/peapods-fuzzing/test/invariant/modules/v3-core/NoDelegateCall.sol
DA:14,0
DA:19,0
DA:20,0
DA:25,0
DA:26,0
end_of_record

SF:/Users/dirtymic/guardian/peapods/peapods-fuzzing/test/invariant/modules/v3-core/UniswapV3Factory.sol
DA:14,0
DA:16,0
DA:19,0
DA:21,0
DA:23,0
DA:24,0
DA:25,0
DA:27,0
DA:28,0
DA:29,0
DA:30,0
DA:31,0
DA:32,0
DA:36,0
DA:40,0
DA:41,0
DA:42,0
DA:43,0
DA:44,0
DA:45,0
DA:46,0
DA:47,0
DA:48,0
DA:50,0
DA:51,0
DA:55,0
DA:56,0
DA:57,0
DA:58,0
DA:62,0
DA:63,0
DA:64,0
DA:68,0
DA:69,0
DA:71,0
DA:72,0
end_of_record

SF:/Users/dirtymic/guardian/peapods/peapods-fuzzing/test/invariant/modules/v3-core/UniswapV3Pool.sol
DA:30,0
DA:42,0
DA:44,0
DA:46,0
DA:48,0
DA:51,0
DA:54,0
DA:74,0
DA:77,0
DA:79,0
DA:87,0
DA:90,0
DA:93,0
DA:95,0
DA:97,0
DA:99,0
DA:105,0
DA:106,0
DA:108,0
DA:113,0
DA:117,0
DA:118,0
DA:119,0
DA:120,0
DA:122,0
DA:126,0
DA:127,0
DA:128,0
DA:129,0
DA:134,0
DA:140,0
DA:141,0
DA:142,0
DA:143,0
DA:144,0
DA:150,0
DA:152,0
DA:158,0
DA:164,0
DA:165,0
DA:166,0
DA:169,0
DA:171,0
DA:179,0
DA:180,0
DA:183,0
DA:184,0
DA:185,0
DA:186,0
DA:188,0
DA:192,0
DA:193,0
DA:194,0
DA:195,0
DA:197,0
DA:200,0
DA:202,0
DA:203,0
DA:204,0
DA:205,0
DA:206,0
DA:208,0
DA:209,0
DA:210,0
DA:211,0
DA:214,0
DA:215,0
DA:216,0
DA:217,0
DA:219,0
DA:220,0
DA:221,0
DA:222,0
DA:223,0
DA:224,0
DA:228,0
DA:229,0
DA:230,0
DA:236,0
DA:241,0
DA:243,0
DA:244,0
DA:246,0
DA:247,0
DA:248,0
DA:249,0
DA:250,0
DA:255,0
DA:261,0
DA:262,0
DA:263,0
DA:264,0
DA:265,0
DA:266,0
DA:271,0
DA:272,0
DA:274,0
DA:276,0
DA:278,0
DA:288,0
DA:310,0
DA:314,0
DA:315,0
DA:316,0
DA:318,0
DA:319,0
DA:321,0
DA:323,0
DA:324,0
DA:325,0
DA:326,0
DA:327,0
DA:328,0
DA:329,0
DA:331,0
DA:332,0
DA:333,0
DA:336,0
DA:337,0
DA:338,0
DA:339,0
DA:340,0
DA:342,0
DA:343,0
DA:344,0
DA:346,0
DA:349,0
DA:350,0
DA:352,0
DA:353,0
DA:354,0
DA:355,0
DA:357,0
DA:358,0
DA:359,0
DA:360,0
DA:361,0
DA:362,0
DA:363,0
DA:364,0
DA:366,0
DA:367,0
DA:368,0
DA:369,0
DA:370,0
DA:372,0
DA:374,0
DA:375,0
DA:379,0
DA:380,0
DA:381,0
DA:382,0
DA:383,0
DA:385,0
DA:388,0
DA:396,0
DA:402,0
DA:403,0
DA:405,0
DA:406,0
DA:411,0
DA:412,0
DA:413,0
DA:414,0
DA:417,0
DA:418,0
DA:419,0
DA:420,0
DA:423,0
DA:424,0
DA:425,0
DA:426,0
DA:427,0
DA:428,0
DA:431,0
DA:432,0
DA:433,0
DA:435,0
DA:436,0
DA:437,0
DA:438,0
DA:439,0
DA:440,0
DA:441,0
DA:442,0
DA:443,0
DA:444,0
DA:445,0
DA:448,0
DA:449,0
DA:451,0
DA:452,0
DA:456,0
DA:457,0
DA:459,0
DA:462,0
DA:463,0
DA:464,0
DA:466,0
DA:467,0
DA:474,0
DA:480,0
DA:481,0
DA:482,0
DA:483,0
DA:484,0
DA:485,0
DA:486,0
DA:487,0
DA:488,0
DA:492,0
DA:493,0
DA:495,0
DA:496,0
DA:497,0
DA:498,0
DA:499,0
DA:500,0
DA:501,0
DA:502,0
DA:503,0
DA:505,0
DA:509,0
DA:515,0
DA:517,0
DA:519,0
DA:520,0
DA:522,0
DA:523,0
DA:524,0
DA:526,0
DA:527,0
DA:528,0
DA:531,0
DA:536,0
DA:540,0
DA:541,0
DA:542,0
DA:543,0
DA:544,0
DA:547,0
DA:551,0
DA:552,0
DA:554,0
DA:555,0
DA:556,0
DA:557,0
DA:561,0
DA:615,0
DA:621,0
DA:622,0
DA:624,0
DA:626,0
DA:627,0
DA:628,0
DA:629,0
DA:630,0
DA:634,0
DA:636,0
DA:637,0
DA:638,0
DA:640,0
DA:641,0
DA:642,0
DA:643,0
DA:646,0
DA:648,0
DA:649,0
DA:650,0
DA:651,0
DA:652,0
DA:653,0
DA:654,0
DA:655,0
DA:656,0
DA:660,0
DA:663,0
DA:665,0
DA:666,0
DA:667,0
DA:668,0
DA:672,0
DA:673,0
DA:674,0
DA:675,0
DA:679,0
DA:682,0
DA:683,0
DA:684,0
DA:685,0
DA:686,0
DA:687,0
DA:688,0
DA:689,0
DA:692,0
DA:693,0
DA:694,0
DA:696,0
DA:697,0
DA:701,0
DA:702,0
DA:703,0
DA:704,0
DA:708,0
DA:709,0
DA:712,0
DA:714,0
DA:717,0
DA:718,0
DA:719,0
DA:720,0
DA:721,0
DA:722,0
DA:723,0
DA:724,0
DA:726,0
DA:728,0
DA:729,0
DA:730,0
DA:731,0
DA:732,0
DA:733,0
DA:734,0
DA:735,0
DA:739,0
DA:741,0
DA:744,0
DA:745,0
DA:747,0
DA:752,0
DA:753,0
DA:754,0
DA:755,0
DA:756,0
DA:757,0
DA:758,0
DA:759,0
DA:760,0
DA:762,0
DA:763,0
DA:764,0
DA:770,0
DA:774,0
DA:778,0
DA:779,0
DA:780,0
DA:782,0
DA:783,0
DA:786,0
DA:787,0
DA:788,0
DA:791,0
DA:792,0
DA:794,0
DA:795,0
DA:796,0
DA:797,0
DA:798,0
DA:800,0
DA:801,0
DA:802,0
DA:805,0
DA:806,0
DA:810,0
DA:816,0
DA:817,0
DA:819,0
DA:820,0
DA:821,0
DA:822,0
DA:824,0
DA:825,0
DA:827,0
DA:829,0
DA:830,0
DA:832,0
DA:833,0
DA:836,0
DA:837,0
DA:839,0
DA:840,0
DA:841,0
DA:842,0
DA:843,0
DA:845,0
DA:846,0
DA:847,0
DA:848,0
DA:849,0
DA:852,0
DA:856,0
DA:857,0
DA:858,0
DA:859,0
DA:861,0
DA:862,0
DA:863,0
DA:867,0
DA:871,0
DA:872,0
DA:873,0
DA:875,0
DA:876,0
DA:877,0
DA:878,0
DA:880,0
DA:881,0
DA:882,0
DA:883,0
DA:886,0
end_of_record

SF:/Users/dirtymic/guardian/peapods/peapods-fuzzing/test/invariant/modules/v3-core/UniswapV3PoolDeployer.sol
DA:10,0
DA:20,0
DA:29,0
DA:36,0
DA:43,0
DA:44,0
end_of_record

SF:/Users/dirtymic/guardian/peapods/peapods-fuzzing/test/invariant/modules/v3-core/interfaces/IERC20Minimal.sol
end_of_record

SF:/Users/dirtymic/guardian/peapods/peapods-fuzzing/test/invariant/modules/v3-core/interfaces/IUniswapV3Factory.sol
end_of_record

SF:/Users/dirtymic/guardian/peapods/peapods-fuzzing/test/invariant/modules/v3-core/interfaces/IUniswapV3Pool.sol
end_of_record

SF:/Users/dirtymic/guardian/peapods/peapods-fuzzing/test/invariant/modules/v3-core/interfaces/IUniswapV3PoolDeployer.sol
end_of_record

SF:/Users/dirtymic/guardian/peapods/peapods-fuzzing/test/invariant/modules/v3-core/interfaces/callback/IUniswapV3FlashCallback.sol
end_of_record

SF:/Users/dirtymic/guardian/peapods/peapods-fuzzing/test/invariant/modules/v3-core/interfaces/callback/IUniswapV3MintCallback.sol
end_of_record

SF:/Users/dirtymic/guardian/peapods/peapods-fuzzing/test/invariant/modules/v3-core/interfaces/callback/IUniswapV3SwapCallback.sol
end_of_record

SF:/Users/dirtymic/guardian/peapods/peapods-fuzzing/test/invariant/modules/v3-core/interfaces/pool/IUniswapV3PoolActions.sol
end_of_record

SF:/Users/dirtymic/guardian/peapods/peapods-fuzzing/test/invariant/modules/v3-core/interfaces/pool/IUniswapV3PoolDerivedState.sol
end_of_record

SF:/Users/dirtymic/guardian/peapods/peapods-fuzzing/test/invariant/modules/v3-core/interfaces/pool/IUniswapV3PoolEvents.sol
end_of_record

SF:/Users/dirtymic/guardian/peapods/peapods-fuzzing/test/invariant/modules/v3-core/interfaces/pool/IUniswapV3PoolImmutables.sol
end_of_record

SF:/Users/dirtymic/guardian/peapods/peapods-fuzzing/test/invariant/modules/v3-core/interfaces/pool/IUniswapV3PoolOwnerActions.sol
end_of_record

SF:/Users/dirtymic/guardian/peapods/peapods-fuzzing/test/invariant/modules/v3-core/interfaces/pool/IUniswapV3PoolState.sol
end_of_record

SF:/Users/dirtymic/guardian/peapods/peapods-fuzzing/test/invariant/modules/v3-core/libraries/BitMath.sol
DA:6,0
DA:13,0
DA:14,0
DA:16,0
DA:17,0
DA:18,0
DA:20,0
DA:21,0
DA:22,0
DA:24,0
DA:25,0
DA:26,0
DA:28,0
DA:29,0
DA:30,0
DA:32,0
DA:33,0
DA:34,0
DA:36,0
DA:37,0
DA:38,0
DA:40,0
DA:41,0
DA:42,0
DA:44,0
DA:53,0
DA:54,0
DA:56,0
DA:57,0
DA:58,0
DA:60,0
DA:62,0
DA:63,0
DA:65,0
DA:67,0
DA:68,0
DA:70,0
DA:72,0
DA:73,0
DA:75,0
DA:77,0
DA:78,0
DA:80,0
DA:82,0
DA:83,0
DA:85,0
DA:87,0
DA:88,0
DA:90,0
DA:92,0
end_of_record

SF:/Users/dirtymic/guardian/peapods/peapods-fuzzing/test/invariant/modules/v3-core/libraries/FixedPoint128.sol
DA:6,0
end_of_record

SF:/Users/dirtymic/guardian/peapods/peapods-fuzzing/test/invariant/modules/v3-core/libraries/FixedPoint96.sol
DA:7,0
DA:8,0
end_of_record

SF:/Users/dirtymic/guardian/peapods/peapods-fuzzing/test/invariant/modules/v3-core/libraries/FullMath.sol
DA:7,0
DA:14,0
DA:18,0
DA:28,0
DA:29,0
DA:30,0
DA:34,0
DA:35,0
DA:37,0
DA:39,0
DA:44,0
DA:52,0
DA:54,0
DA:58,0
DA:59,0
DA:65,0
DA:68,0
DA:73,0
DA:79,0
DA:81,0
DA:88,0
DA:92,0
DA:93,0
DA:94,0
DA:95,0
DA:96,0
DA:97,0
DA:105,0
DA:115,0
DA:119,0
DA:120,0
DA:121,0
DA:122,0
DA:123,0
end_of_record

SF:/Users/dirtymic/guardian/peapods/peapods-fuzzing/test/invariant/modules/v3-core/libraries/LiquidityMath.sol
DA:5,0
DA:10,0
DA:11,0
DA:12,0
DA:14,0
end_of_record

SF:/Users/dirtymic/guardian/peapods/peapods-fuzzing/test/invariant/modules/v3-core/libraries/LowGasSafeMath.sol
DA:6,0
DA:11,0
DA:12,0
DA:35,0
DA:36,0
DA:43,0
DA:44,0
end_of_record

SF:/Users/dirtymic/guardian/peapods/peapods-fuzzing/test/invariant/modules/v3-core/libraries/Oracle.sol
DA:11,0
DA:30,0
DA:36,0
DA:37,0
DA:38,0
DA:39,0
DA:40,0
DA:41,0
DA:42,0
DA:43,0
DA:56,0
DA:60,0
DA:78,0
DA:86,0
DA:87,0
DA:90,0
DA:93,0
DA:94,0
DA:96,0
DA:99,0
DA:100,0
DA:108,0
DA:112,0
DA:113,0
DA:115,0
DA:118,0
DA:119,0
DA:128,0
DA:132,0
DA:134,0
DA:136,0
DA:137,0
DA:139,0
DA:153,0
DA:159,0
DA:160,0
DA:161,0
DA:162,0
DA:163,0
DA:164,0
DA:166,0
DA:169,0
DA:170,0
DA:171,0
DA:174,0
DA:176,0
DA:179,0
DA:181,0
DA:182,0
DA:198,0
DA:208,0
DA:211,0
DA:212,0
DA:214,0
DA:217,0
DA:222,0
DA:223,0
DA:226,0
DA:229,0
DA:245,0
DA:253,0
DA:254,0
DA:255,0
DA:256,0
DA:257,0
DA:260,0
DA:262,0
DA:263,0
DA:265,0
DA:267,0
DA:268,0
DA:270,0
DA:273,0
DA:274,0
DA:275,0
DA:276,0
DA:277,0
DA:278,0
DA:279,0
DA:281,0
DA:282,0
DA:283,0
DA:300,0
DA:308,0
DA:309,0
DA:311,0
DA:312,0
DA:313,0
DA:314,0
DA:315,0
DA:316,0
DA:317,0
DA:318,0
DA:319,0
DA:320,0
DA:321,0
end_of_record

SF:/Users/dirtymic/guardian/peapods/peapods-fuzzing/test/invariant/modules/v3-core/libraries/Position.sol
DA:11,0
DA:30,0
DA:36,0
DA:44,0
DA:49,0
DA:50,0
DA:53,0
DA:54,0
DA:55,0
DA:57,0
DA:61,0
DA:63,0
DA:64,0
DA:65,0
DA:69,0
DA:71,0
DA:72,0
DA:73,0
DA:79,0
DA:80,0
DA:81,0
DA:82,0
DA:84,0
DA:85,0
end_of_record

SF:/Users/dirtymic/guardian/peapods/peapods-fuzzing/test/invariant/modules/v3-core/libraries/SafeCast.sol
DA:6,0
DA:10,0
DA:11,0
DA:17,0
DA:18,0
DA:24,0
DA:25,0
DA:26,0
end_of_record

SF:/Users/dirtymic/guardian/peapods/peapods-fuzzing/test/invariant/modules/v3-core/libraries/SqrtPriceMath.sol
DA:13,0
DA:28,0
DA:33,0
DA:35,0
DA:36,0
DA:38,0
DA:39,0
DA:40,0
DA:41,0
DA:42,0
DA:44,0
DA:47,0
DA:49,0
DA:52,0
DA:53,0
DA:54,0
DA:68,0
DA:73,0
DA:76,0
DA:77,0
DA:79,0
DA:80,0
DA:81,0
DA:84,0
DA:86,0
DA:88,0
DA:89,0
DA:90,0
DA:93,0
DA:95,0
DA:106,0
DA:111,0
DA:112,0
DA:113,0
DA:117,0
DA:118,0
DA:119,0
DA:129,0
DA:134,0
DA:135,0
DA:136,0
DA:140,0
DA:141,0
DA:142,0
DA:158,0
DA:163,0
DA:164,0
DA:166,0
DA:169,0
DA:171,0
DA:172,0
DA:173,0
DA:174,0
DA:176,0
DA:177,0
DA:178,0
DA:179,0
DA:180,0
DA:182,0
DA:192,0
DA:197,0
DA:198,0
DA:201,0
DA:202,0
DA:203,0
DA:211,0
DA:215,0
DA:217,0
DA:218,0
DA:219,0
DA:227,0
DA:231,0
DA:233,0
DA:234,0
DA:235,0
end_of_record

SF:/Users/dirtymic/guardian/peapods/peapods-fuzzing/test/invariant/modules/v3-core/libraries/SwapMath.sol
DA:9,0
DA:21,0
DA:30,0
DA:35,0
DA:36,0
DA:37,0
DA:39,0
DA:40,0
DA:41,0
DA:42,0
DA:43,0
DA:44,0
DA:46,0
DA:47,0
DA:48,0
DA:49,0
DA:50,0
DA:53,0
DA:54,0
DA:55,0
DA:56,0
DA:58,0
DA:59,0
DA:60,0
DA:61,0
DA:62,0
DA:66,0
DA:69,0
DA:70,0
DA:71,0
DA:72,0
DA:73,0
DA:74,0
DA:75,0
DA:77,0
DA:78,0
DA:79,0
DA:80,0
DA:81,0
DA:82,0
DA:86,0
DA:87,0
DA:90,0
DA:92,0
DA:94,0
end_of_record

SF:/Users/dirtymic/guardian/peapods/peapods-fuzzing/test/invariant/modules/v3-core/libraries/Tick.sol
DA:12,0
DA:44,0
DA:45,0
DA:46,0
DA:47,0
DA:48,0
DA:60,0
DA:67,0
DA:68,0
DA:69,0
DA:74,0
DA:75,0
DA:76,0
DA:78,0
DA:79,0
DA:83,0
DA:84,0
DA:85,0
DA:86,0
DA:87,0
DA:89,0
DA:90,0
DA:93,0
DA:94,0
DA:110,0
DA:122,0
DA:123,0
DA:125,0
DA:126,0
DA:128,0
DA:130,0
DA:132,0
DA:134,0
DA:135,0
DA:136,0
DA:137,0
DA:138,0
DA:139,0
DA:141,0
DA:144,0
DA:147,0
DA:148,0
DA:149,0
DA:156,0
DA:168,0
DA:176,0
DA:177,0
DA:178,0
DA:179,0
DA:180,0
DA:181,0
DA:182,0
DA:183,0
end_of_record

SF:/Users/dirtymic/guardian/peapods/peapods-fuzzing/test/invariant/modules/v3-core/libraries/TickBitmap.sol
DA:9,0
DA:14,0
DA:15,0
DA:16,0
DA:23,0
DA:28,0
DA:29,0
DA:30,0
DA:31,0
DA:42,0
DA:47,0
DA:48,0
DA:49,0
DA:51,0
DA:52,0
DA:54,0
DA:55,0
DA:58,0
DA:60,0
DA:61,0
DA:62,0
DA:63,0
DA:65,0
DA:67,0
DA:68,0
DA:71,0
DA:73,0
DA:74,0
DA:75,0
end_of_record

SF:/Users/dirtymic/guardian/peapods/peapods-fuzzing/test/invariant/modules/v3-core/libraries/TickMath.sol
DA:7,0
DA:11,0
DA:14,0
DA:16,0
DA:23,0
DA:24,0
DA:25,0
DA:27,0
DA:28,0
DA:29,0
DA:30,0
DA:31,0
DA:32,0
DA:33,0
DA:34,0
DA:35,0
DA:36,0
DA:37,0
DA:38,0
DA:39,0
DA:40,0
DA:41,0
DA:42,0
DA:43,0
DA:44,0
DA:45,0
DA:46,0
DA:48,0
DA:53,0
DA:61,0
DA:63,0
DA:64,0
DA:70,0
DA:72,0
DA:75,0
DA:76,0
DA:77,0
DA:80,0
DA:81,0
DA:82,0
DA:85,0
DA:86,0
DA:87,0
DA:90,0
DA:91,0
DA:92,0
DA:95,0
DA:96,0
DA:97,0
DA:100,0
DA:101,0
DA:102,0
DA:105,0
DA:106,0
DA:109,0
DA:110,0
DA:112,0
DA:115,0
DA:116,0
DA:117,0
DA:118,0
DA:121,0
DA:122,0
DA:123,0
DA:124,0
DA:127,0
DA:128,0
DA:129,0
DA:130,0
DA:133,0
DA:134,0
DA:135,0
DA:136,0
DA:139,0
DA:140,0
DA:141,0
DA:142,0
DA:145,0
DA:146,0
DA:147,0
DA:148,0
DA:151,0
DA:152,0
DA:153,0
DA:154,0
DA:157,0
DA:158,0
DA:159,0
DA:160,0
DA:163,0
DA:164,0
DA:165,0
DA:166,0
DA:169,0
DA:170,0
DA:171,0
DA:172,0
DA:175,0
DA:176,0
DA:177,0
DA:178,0
DA:181,0
DA:182,0
DA:183,0
DA:184,0
DA:187,0
DA:188,0
DA:189,0
DA:190,0
DA:193,0
DA:194,0
DA:195,0
DA:198,0
DA:200,0
DA:201,0
DA:203,0
end_of_record

SF:/Users/dirtymic/guardian/peapods/peapods-fuzzing/test/invariant/modules/v3-core/libraries/TransferHelper.sol
DA:6,0
DA:24,0
DA:25,0
DA:26,0
DA:27,0
end_of_record

SF:/Users/dirtymic/guardian/peapods/peapods-fuzzing/test/invariant/modules/v3-core/libraries/UnsafeMath.sol
DA:6,0
DA:12,0
DA:14,0
end_of_record

SF:/Users/dirtymic/guardian/peapods/peapods-fuzzing/test/invariant/modules/v3-periphery/SwapRouter.sol
DA:22,0
DA:38,0
DA:40,0
DA:43,0
DA:47,0
DA:48,0
DA:57,0
DA:62,0
DA:63,0
DA:64,0
DA:65,0
DA:67,0
DA:68,0
DA:69,0
DA:70,0
DA:71,0
DA:74,0
DA:75,0
DA:76,0
DA:78,0
DA:79,0
DA:80,0
DA:86,0
DA:91,0
DA:93,0
DA:95,0
DA:97,0
DA:99,0
DA:100,0
DA:101,0
DA:102,0
DA:103,0
DA:104,0
DA:105,0
DA:106,0
DA:109,0
DA:113,0
DA:117,0
DA:118,0
DA:120,0
DA:121,0
DA:122,0
DA:123,0
DA:124,0
DA:125,0
DA:126,0
DA:129,0
DA:133,0
DA:137,0
DA:138,0
DA:139,0
DA:140,0
DA:142,0
DA:143,0
DA:146,0
DA:147,0
DA:148,0
DA:149,0
DA:150,0
DA:151,0
DA:152,0
DA:157,0
DA:158,0
DA:159,0
DA:161,0
DA:162,0
DA:166,0
DA:170,0
DA:175,0
DA:177,0
DA:179,0
DA:181,0
DA:183,0
DA:184,0
DA:185,0
DA:186,0
DA:187,0
DA:188,0
DA:189,0
DA:190,0
DA:193,0
DA:194,0
DA:195,0
DA:196,0
DA:199,0
DA:203,0
DA:207,0
DA:208,0
DA:211,0
DA:212,0
DA:213,0
DA:214,0
DA:215,0
DA:216,0
DA:217,0
DA:221,0
DA:223,0
DA:227,0
DA:231,0
DA:232,0
DA:236,0
DA:237,0
DA:238,0
DA:239,0
DA:240,0
DA:243,0
DA:244,0
end_of_record

SF:/Users/dirtymic/guardian/peapods/peapods-fuzzing/test/invariant/modules/v3-periphery/base/BlockTimestamp.sol
DA:9,0
DA:10,0
end_of_record

SF:/Users/dirtymic/guardian/peapods/peapods-fuzzing/test/invariant/modules/v3-periphery/base/LiquidityManagement.sol
end_of_record

SF:/Users/dirtymic/guardian/peapods/peapods-fuzzing/test/invariant/modules/v3-periphery/base/Multicall.sol
DA:11,0
DA:15,0
DA:17,0
DA:18,0
DA:19,0
DA:21,0
DA:23,0
DA:25,0
DA:27,0
DA:30,0
end_of_record

SF:/Users/dirtymic/guardian/peapods/peapods-fuzzing/test/invariant/modules/v3-periphery/base/PeripheryImmutableState.sol
DA:10,0
DA:12,0
DA:15,0
DA:16,0
end_of_record

SF:/Users/dirtymic/guardian/peapods/peapods-fuzzing/test/invariant/modules/v3-periphery/base/PeripheryPayments.sol
DA:15,0
DA:19,0
DA:20,0
DA:21,0
DA:23,0
DA:24,0
DA:25,0
DA:30,0
DA:34,0
DA:35,0
DA:36,0
DA:38,0
DA:39,0
DA:44,0
DA:45,0
DA:46,0
DA:54,0
DA:55,0
DA:57,0
DA:58,0
DA:59,0
DA:61,0
DA:64,0
end_of_record

SF:/Users/dirtymic/guardian/peapods/peapods-fuzzing/test/invariant/modules/v3-periphery/base/PeripheryPaymentsWithFee.sol
DA:17,0
DA:22,0
DA:23,0
DA:25,0
DA:26,0
DA:28,0
DA:29,0
DA:30,0
DA:31,0
DA:32,0
DA:37,0
DA:43,0
DA:44,0
DA:46,0
DA:47,0
DA:49,0
DA:50,0
DA:51,0
DA:52,0
end_of_record

SF:/Users/dirtymic/guardian/peapods/peapods-fuzzing/test/invariant/modules/v3-periphery/base/PeripheryValidation.sol
DA:8,0
end_of_record

SF:/Users/dirtymic/guardian/peapods/peapods-fuzzing/test/invariant/modules/v3-periphery/base/SelfPermit.sol
DA:16,0
DA:24,0
DA:28,0
DA:36,0
DA:37,0
DA:42,0
DA:50,0
DA:54,0
DA:62,0
DA:63,0
end_of_record

SF:/Users/dirtymic/guardian/peapods/peapods-fuzzing/test/invariant/modules/v3-periphery/interfaces/IMulticall.sol
end_of_record

SF:/Users/dirtymic/guardian/peapods/peapods-fuzzing/test/invariant/modules/v3-periphery/interfaces/IPeripheryImmutableState.sol
end_of_record

SF:/Users/dirtymic/guardian/peapods/peapods-fuzzing/test/invariant/modules/v3-periphery/interfaces/IPeripheryPayments.sol
end_of_record

SF:/Users/dirtymic/guardian/peapods/peapods-fuzzing/test/invariant/modules/v3-periphery/interfaces/IPeripheryPaymentsWithFee.sol
end_of_record

SF:/Users/dirtymic/guardian/peapods/peapods-fuzzing/test/invariant/modules/v3-periphery/interfaces/ISelfPermit.sol
end_of_record

SF:/Users/dirtymic/guardian/peapods/peapods-fuzzing/test/invariant/modules/v3-periphery/interfaces/ISwapRouter.sol
end_of_record

SF:/Users/dirtymic/guardian/peapods/peapods-fuzzing/test/invariant/modules/v3-periphery/interfaces/external/IERC20PermitAllowed.sol
end_of_record

SF:/Users/dirtymic/guardian/peapods/peapods-fuzzing/test/invariant/modules/v3-periphery/interfaces/external/IWETH9.sol
end_of_record

SF:/Users/dirtymic/guardian/peapods/peapods-fuzzing/test/invariant/modules/v3-periphery/libraries/BytesLib.sol
DA:11,0
DA:12,0
DA:16,0
DA:17,0
DA:18,0
DA:19,0
DA:21,0
DA:24,0
DA:25,0
DA:28,0
DA:38,0
DA:44,0
DA:45,0
DA:47,0
DA:50,0
DA:51,0
DA:52,0
DA:53,0
DA:54,0
DA:56,0
DA:60,0
DA:64,0
DA:67,0
DA:69,0
DA:73,0
DA:76,0
DA:77,0
DA:78,0
DA:82,0
DA:88,0
DA:89,0
DA:90,0
DA:94,0
end_of_record

SF:/Users/dirtymic/guardian/peapods/peapods-fuzzing/test/invariant/modules/v3-periphery/libraries/CallbackValidation.sol
DA:9,0
DA:16,0
DA:21,0
DA:22,0
DA:23,0
end_of_record

SF:/Users/dirtymic/guardian/peapods/peapods-fuzzing/test/invariant/modules/v3-periphery/libraries/LiquidityAmounts.sol
DA:9,0
end_of_record

SF:/Users/dirtymic/guardian/peapods/peapods-fuzzing/test/invariant/modules/v3-periphery/libraries/LowGasSafeMath.sol
DA:6,0
DA:27,0
DA:28,0
end_of_record

SF:/Users/dirtymic/guardian/peapods/peapods-fuzzing/test/invariant/modules/v3-periphery/libraries/Path.sol
DA:7,0
DA:11,0
DA:13,0
DA:16,0
DA:18,0
DA:20,0
DA:25,0
DA:26,0
DA:42,0
DA:45,0
DA:47,0
DA:48,0
DA:49,0
DA:55,0
DA:56,0
DA:62,0
DA:63,0
end_of_record

SF:/Users/dirtymic/guardian/peapods/peapods-fuzzing/test/invariant/modules/v3-periphery/libraries/PoolAddress.sol
DA:5,0
end_of_record

SF:/Users/dirtymic/guardian/peapods/peapods-fuzzing/test/invariant/modules/v3-periphery/libraries/TransferHelper.sol
DA:6,0
DA:13,0
DA:14,0
DA:15,0
DA:16,0
DA:24,0
DA:25,0
DA:26,0
DA:27,0
DA:45,0
DA:46,0
DA:47,0
end_of_record

